2020-12-09 09:28:20,425 - root - INFO - ############################### START ###############################
2020-12-09 09:28:34,952 - root - INFO - 打开首页中------------->
2020-12-09 09:28:41,800 - root - INFO - ###############################  End  ###############################
2020-12-09 09:28:41,801 - root - INFO - ############################### START ###############################
2020-12-09 09:28:46,263 - root - INFO - 打开首页中------------->
2020-12-09 09:28:49,279 - root - INFO - 点击登陆中------------->
2020-12-09 09:28:52,039 - root - INFO - ###############################  End  ###############################
2020-12-09 09:28:52,039 - root - INFO - ############################### START ###############################
2020-12-09 09:28:56,289 - root - INFO - 打开首页中------------->
2020-12-09 09:28:58,004 - root - INFO - 点击注册中------------->
2020-12-09 09:29:00,384 - root - INFO - ###############################  End  ###############################
2020-12-09 09:29:00,387 - root - INFO - ############################### START ###############################
2020-12-09 09:29:04,828 - root - INFO - 打开首页中------------->
2020-12-09 09:29:07,311 - root - INFO - 点击图片1中------------->
2020-12-09 09:29:09,716 - root - INFO - ###############################  End  ###############################
2020-12-09 09:29:09,723 - root - INFO - ############################### Login ###############################
2020-12-09 09:29:30,598 - root - INFO - ############################### Login ###############################
2020-12-09 09:29:51,056 - root - INFO - ############################### Login ###############################
2020-12-09 09:30:11,384 - root - INFO - ############################### Login ###############################
2020-12-09 09:32:04,491 - root - INFO - ############################### START ###############################
2020-12-09 09:32:08,049 - root - INFO - 打开首页中------------->
2020-12-09 09:32:12,940 - root - INFO - ###############################  End  ###############################
2020-12-09 09:32:12,940 - root - INFO - ############################### START ###############################
2020-12-09 09:32:16,451 - root - INFO - 打开首页中------------->
2020-12-09 09:32:18,822 - root - INFO - 点击登陆中------------->
2020-12-09 09:32:21,128 - root - INFO - ###############################  End  ###############################
2020-12-09 09:32:21,128 - root - INFO - ############################### START ###############################
2020-12-09 09:32:24,724 - root - INFO - 打开首页中------------->
2020-12-09 09:32:26,569 - root - INFO - 点击注册中------------->
2020-12-09 09:32:29,839 - root - INFO - ###############################  End  ###############################
2020-12-09 09:32:29,839 - root - INFO - ############################### START ###############################
2020-12-09 09:32:33,385 - root - INFO - 打开首页中------------->
2020-12-09 09:32:37,153 - root - INFO - 点击图片1中------------->
2020-12-09 09:32:39,459 - root - INFO - ###############################  End  ###############################
2020-12-09 09:32:39,467 - root - INFO - ############################### Login ###############################
2020-12-09 09:32:57,995 - root - INFO - ############################### Login ###############################
2020-12-09 09:33:15,733 - root - INFO - ############################### Login ###############################
2020-12-09 09:34:21,019 - root - INFO - ############################### START ###############################
2020-12-09 09:34:25,559 - root - INFO - 打开首页中------------->
2020-12-09 09:34:30,783 - root - INFO - ###############################  End  ###############################
2020-12-09 09:34:30,783 - root - INFO - ############################### START ###############################
2020-12-09 09:34:34,463 - root - INFO - 打开首页中------------->
2020-12-09 09:34:36,782 - root - INFO - 点击登陆中------------->
2020-12-09 09:34:40,486 - root - INFO - ###############################  End  ###############################
2020-12-09 09:34:40,486 - root - INFO - ############################### START ###############################
2020-12-09 09:34:44,345 - root - INFO - 打开首页中------------->
2020-12-09 09:34:46,766 - root - INFO - 点击注册中------------->
2020-12-09 09:34:49,153 - root - INFO - ###############################  End  ###############################
2020-12-09 09:34:49,153 - root - INFO - ############################### START ###############################
2020-12-09 09:34:52,743 - root - INFO - 打开首页中------------->
2020-12-09 09:34:56,476 - root - INFO - 点击图片1中------------->
2020-12-09 09:35:00,111 - root - INFO - ###############################  End  ###############################
2020-12-09 09:35:00,118 - root - INFO - ############################### Login ###############################
2020-12-09 09:35:12,326 - root - INFO - 点击算法大赛中------------->
2020-12-09 09:35:18,819 - root - INFO - ###############################  End  ###############################
2020-12-09 09:35:18,825 - root - INFO - ############################### Login ###############################
2020-12-09 09:35:26,851 - root - INFO - 点击算法大赛中------------->
2020-12-09 09:35:28,919 - root - INFO - 点击行人重识别中------------->
2020-12-09 09:35:34,233 - root - INFO - ###############################  End  ###############################
2020-12-09 09:35:34,240 - root - INFO - ############################### Login ###############################
2020-12-09 09:35:42,000 - root - INFO - 点击算法大赛中------------->
2020-12-09 09:35:44,108 - root - INFO - 点击第一个赛题中------------->
2020-12-09 09:35:48,943 - root - INFO - ###############################  End  ###############################
2020-12-09 09:35:48,950 - root - INFO - ############################### Login ###############################
2020-12-09 09:35:57,251 - root - INFO - 点击算法大赛中------------->
2020-12-09 09:35:59,315 - root - INFO - 点击报名中------------->
2020-12-09 09:36:11,683 - root - INFO - ###############################  End  ###############################
2020-12-09 09:36:11,692 - root - INFO - ############################### Login ###############################
2020-12-09 09:36:23,112 - root - INFO - 点击算法大赛中------------->
2020-12-09 09:36:25,184 - root - INFO - 点击下一页中------------->
2020-12-09 09:36:37,942 - root - INFO - ###############################  End  ###############################
2020-12-09 09:41:31,470 - root - INFO - ############################### Login ###############################
2020-12-09 09:41:39,692 - root - INFO - 点击算法大赛中------------->
2020-12-09 09:41:41,776 - root - INFO - 点击报名中------------->
2020-12-09 09:41:54,377 - root - INFO - ###############################  End  ###############################
2020-12-09 09:43:38,684 - root - INFO - ############################### Login ###############################
2020-12-09 09:43:49,496 - root - INFO - 点击算法大赛中------------->
2020-12-09 09:43:51,585 - root - INFO - 点击报名中------------->
2020-12-09 09:43:58,079 - root - INFO - ###############################  End  ###############################
2020-12-09 09:46:09,113 - root - INFO - ############################### Login ###############################
2020-12-09 09:46:17,372 - root - INFO - 点击算法大赛中------------->
2020-12-09 09:46:19,450 - root - INFO - 点击报名中------------->
2020-12-09 09:46:24,859 - root - INFO - ###############################  End  ###############################
2020-12-09 09:48:16,013 - root - INFO - ############################### Login ###############################
2020-12-09 09:48:25,672 - root - INFO - 点击算法大赛中------------->
2020-12-09 09:48:27,758 - root - INFO - 点击报名中------------->
2020-12-09 09:48:34,248 - root - INFO - ###############################  End  ###############################
2020-12-09 09:49:31,456 - root - INFO - ############################### Login ###############################
2020-12-09 09:49:39,703 - root - INFO - 点击算法大赛中------------->
2020-12-09 09:49:41,799 - root - INFO - 点击报名中------------->
2020-12-09 09:49:51,489 - root - INFO - ###############################  End  ###############################
2020-12-09 09:51:32,684 - root - INFO - ############################### Login ###############################
2020-12-09 09:51:40,763 - root - INFO - 点击算法大赛中------------->
2020-12-09 09:51:45,145 - root - INFO - ###############################  End  ###############################
2020-12-09 09:51:45,153 - root - INFO - ############################### Login ###############################
2020-12-09 09:51:53,854 - root - INFO - 点击算法大赛中------------->
2020-12-09 09:51:55,959 - root - INFO - 点击行人重识别中------------->
2020-12-09 09:51:58,591 - root - INFO - ###############################  End  ###############################
2020-12-09 09:51:58,598 - root - INFO - ############################### Login ###############################
2020-12-09 09:52:07,460 - root - INFO - 点击算法大赛中------------->
2020-12-09 09:52:09,532 - root - INFO - 点击第一个赛题中------------->
2020-12-09 09:52:14,154 - root - INFO - ###############################  End  ###############################
2020-12-09 09:52:14,161 - root - INFO - ############################### Login ###############################
2020-12-09 09:52:22,072 - root - INFO - 点击算法大赛中------------->
2020-12-09 09:52:24,169 - root - INFO - 点击报名中------------->
2020-12-09 09:52:30,956 - root - INFO - ###############################  End  ###############################
2020-12-09 09:52:30,963 - root - INFO - ############################### Login ###############################
2020-12-09 09:52:39,391 - root - INFO - 点击算法大赛中------------->
2020-12-09 09:52:41,520 - root - INFO - 点击下一页中------------->
2020-12-09 09:52:47,051 - root - INFO - ###############################  End  ###############################
2020-12-09 09:54:00,904 - root - INFO - ############################### Login ###############################
2020-12-09 09:54:09,588 - root - INFO - 点击算法大赛中------------->
2020-12-09 09:54:14,308 - root - INFO - ###############################  End  ###############################
2020-12-09 09:54:14,315 - root - INFO - ############################### Login ###############################
2020-12-09 09:54:22,564 - root - INFO - 点击算法大赛中------------->
2020-12-09 09:54:24,766 - root - INFO - 点击行人重识别中------------->
2020-12-09 09:54:27,689 - root - INFO - ###############################  End  ###############################
2020-12-09 09:54:27,699 - root - INFO - ############################### Login ###############################
2020-12-09 09:54:35,896 - root - INFO - 点击算法大赛中------------->
2020-12-09 09:54:38,003 - root - INFO - 点击第一个赛题中------------->
2020-12-09 09:54:45,092 - root - INFO - ###############################  End  ###############################
2020-12-09 09:54:45,099 - root - INFO - ############################### Login ###############################
2020-12-09 09:54:52,384 - root - INFO - 点击算法大赛中------------->
2020-12-09 09:54:54,956 - root - INFO - 点击报名中------------->
2020-12-09 09:55:02,967 - root - INFO - ###############################  End  ###############################
2020-12-09 09:55:02,975 - root - INFO - ############################### Login ###############################
2020-12-09 09:55:12,125 - root - INFO - 点击算法大赛中------------->
2020-12-09 09:55:14,244 - root - INFO - 点击下一页中------------->
2020-12-09 09:55:26,671 - root - INFO - ###############################  End  ###############################
