2020-12-17 16:46:56,154 - root - INFO - ############################### START ###############################
2020-12-17 16:46:59,318 - root - INFO - 打开首页中------------->
2020-12-17 16:47:05,441 - root - INFO - ###############################  End  ###############################
2020-12-17 16:47:05,443 - root - INFO - ############################### START ###############################
2020-12-17 16:47:08,271 - root - INFO - 打开首页中------------->
2020-12-17 16:47:10,444 - root - INFO - 点击登陆中------------->
2020-12-17 16:47:12,809 - root - INFO - ###############################  End  ###############################
2020-12-17 16:47:12,810 - root - INFO - ############################### START ###############################
2020-12-17 16:47:15,632 - root - INFO - 打开首页中------------->
2020-12-17 16:47:18,665 - root - INFO - 点击注册中------------->
2020-12-17 16:47:20,998 - root - INFO - ###############################  End  ###############################
2020-12-17 16:47:20,998 - root - INFO - ############################### START ###############################
2020-12-17 16:47:23,942 - root - INFO - 打开首页中------------->
2020-12-17 16:47:26,234 - root - INFO - 点击登陆中------------->
2020-12-17 16:47:28,682 - root - INFO - ###############################  End  ###############################
2020-12-17 16:47:28,683 - root - INFO - ############################### START ###############################
2020-12-17 16:47:31,405 - root - INFO - 打开首页中------------->
2020-12-17 16:47:33,501 - root - INFO - 点击注册中------------->
2020-12-17 16:47:36,198 - root - INFO - ###############################  End  ###############################
2020-12-17 16:47:36,199 - root - INFO - ############################### START ###############################
2020-12-17 16:47:38,886 - root - INFO - 打开首页中------------->
2020-12-17 16:47:41,565 - root - INFO - 点击注册中------------->
2020-12-17 16:47:43,860 - root - INFO - ###############################  End  ###############################
2020-12-17 16:47:43,860 - root - INFO - ############################### START ###############################
2020-12-17 16:47:46,766 - root - INFO - 打开首页中------------->
2020-12-17 16:47:48,930 - root - INFO - 点击图片1中------------->
2020-12-17 16:47:51,777 - root - INFO - ###############################  End  ###############################
2020-12-17 16:47:51,778 - root - INFO - ############################### START ###############################
2020-12-17 16:47:54,476 - root - INFO - 打开首页中------------->
2020-12-17 16:47:57,002 - root - INFO - 点击图片2中------------->
2020-12-17 16:47:59,291 - root - INFO - ###############################  End  ###############################
2020-12-17 16:47:59,293 - root - INFO - ############################### START ###############################
2020-12-17 16:48:01,744 - root - INFO - 打开首页中------------->
2020-12-17 16:48:03,810 - root - INFO - 点击图片3中------------->
2020-12-17 16:48:06,571 - root - INFO - ###############################  End  ###############################
2020-12-17 16:48:06,571 - root - INFO - ############################### START ###############################
2020-12-17 16:48:09,286 - root - INFO - 打开南邮登录页中------------->
2020-12-17 16:48:10,327 - root - INFO - 输入账号密码中------------->
2020-12-17 16:48:11,210 - root - INFO - ###############################  End  ###############################
2020-12-17 16:48:11,211 - root - INFO - ############################### START ###############################
2020-12-17 16:48:14,033 - root - INFO - 打开南邮登录页中------------->
2020-12-17 16:48:14,998 - root - INFO - 输入账号密码中------------->
2020-12-17 16:48:16,375 - root - INFO - ###############################  End  ###############################
2020-12-17 16:48:16,375 - root - INFO - ############################### START ###############################
2020-12-17 16:48:19,377 - root - INFO - 打开南邮登录页中------------->
2020-12-17 16:48:20,400 - root - INFO - 输入账号密码中------------->
2020-12-17 16:48:21,379 - root - INFO - ###############################  End  ###############################
2020-12-17 16:48:21,379 - root - INFO - ############################### START ###############################
2020-12-17 16:48:24,224 - root - INFO - 打开南邮登录页中------------->
2020-12-17 16:48:25,355 - root - INFO - 输入账号密码中------------->
2020-12-17 16:48:26,406 - root - INFO - ###############################  End  ###############################
2020-12-17 16:48:26,406 - root - INFO - ############################### START ###############################
2020-12-17 16:48:29,456 - root - INFO - ###############################  End  ###############################
2020-12-17 16:48:29,546 - root - INFO - ############################### Login ###############################
2020-12-17 16:48:38,178 - root - INFO - 点击算法大赛中------------->
2020-12-17 16:48:42,466 - root - INFO - ###############################  End  ###############################
2020-12-17 16:48:42,484 - root - INFO - ############################### Login ###############################
2020-12-17 16:48:51,672 - root - INFO - 点击算法大赛中------------->
2020-12-17 16:48:55,745 - root - INFO - ###############################  End  ###############################
2020-12-17 16:48:55,777 - root - INFO - ############################### Login ###############################
2020-12-17 16:49:05,322 - root - INFO - 点击算法大赛中------------->
2020-12-17 16:49:11,207 - root - INFO - ###############################  End  ###############################
2020-12-17 16:49:11,230 - root - INFO - ############################### Login ###############################
2020-12-17 16:49:19,075 - root - INFO - 点击算法大赛中------------->
2020-12-17 16:49:31,695 - root - INFO - ###############################  End  ###############################
2020-12-17 16:49:31,744 - root - INFO - ############################### Login ###############################
2020-12-17 16:49:39,437 - root - INFO - 点击算法大赛中------------->
2020-12-17 16:49:42,577 - root - INFO - 点击行人重识别中------------->
2020-12-17 16:49:43,015 - root - INFO - ###############################  End  ###############################
2020-12-17 16:49:43,044 - root - INFO - ############################### Login ###############################
2020-12-17 16:49:51,169 - root - INFO - 点击算法大赛中------------->
2020-12-17 16:49:54,358 - root - INFO - 点击行人重识别中------------->
2020-12-17 16:49:54,723 - root - INFO - ###############################  End  ###############################
2020-12-17 16:49:54,773 - root - INFO - ############################### Login ###############################
2020-12-17 16:50:02,923 - root - INFO - 点击算法大赛中------------->
2020-12-17 16:50:06,119 - root - INFO - 点击第一个赛题中------------->
2020-12-17 16:50:06,623 - root - INFO - ###############################  End  ###############################
2020-12-17 16:50:06,647 - root - INFO - ############################### Login ###############################
2020-12-17 16:50:15,201 - root - INFO - 点击算法大赛中------------->
2020-12-17 16:50:18,372 - root - INFO - 点击报名中------------->
2020-12-17 16:50:18,469 - root - INFO - 无法报名--，报名已截至，请切换项目
2020-12-17 16:50:18,579 - root - INFO - ###############################  End  ###############################
2020-12-17 16:50:18,611 - root - INFO - ############################### Login ###############################
2020-12-17 16:50:26,014 - root - INFO - 点击算法大赛中------------->
2020-12-17 16:50:29,195 - root - INFO - 点击第一个赛题中------------->
2020-12-17 16:50:31,471 - root - INFO - ###############################  End  ###############################
2020-12-17 16:50:31,530 - root - INFO - ############################### Login ###############################
2020-12-17 16:50:42,597 - root - INFO - 点击算法大赛中------------->
2020-12-17 16:50:45,944 - root - INFO - 点击报名中------------->
2020-12-17 16:50:47,686 - root - INFO - ###############################  End  ###############################
2020-12-17 16:50:47,772 - root - INFO - ############################### Login ###############################
2020-12-17 16:50:56,689 - root - INFO - 点击算法大赛中------------->
2020-12-17 16:51:00,034 - root - INFO - 点击第一个赛题中------------->
2020-12-17 16:51:02,464 - root - INFO - ###############################  End  ###############################
2020-12-17 16:51:02,513 - root - INFO - ############################### Login ###############################
2020-12-17 16:51:10,444 - root - INFO - 点击算法大赛中------------->
2020-12-17 16:51:13,602 - root - INFO - 点击报名中------------->
2020-12-17 16:51:14,844 - root - INFO - ###############################  End  ###############################
2020-12-17 16:51:14,884 - root - INFO - ############################### Login ###############################
2020-12-17 16:51:23,365 - root - INFO - 点击算法大赛中------------->
2020-12-17 16:51:26,529 - root - INFO - 点击第一个赛题中------------->
2020-12-17 16:51:26,932 - root - INFO - ###############################  End  ###############################
2020-12-17 16:51:26,967 - root - INFO - ############################### Login ###############################
2020-12-17 16:51:34,513 - root - INFO - 点击算法大赛中------------->
2020-12-17 16:51:37,673 - root - INFO - 点击报名中------------->
2020-12-17 16:51:38,980 - root - INFO - ###############################  End  ###############################
2020-12-17 16:51:39,027 - root - INFO - ############################### Login ###############################
2020-12-17 16:51:47,217 - root - INFO - 点击算法大赛中------------->
2020-12-17 16:51:50,442 - root - INFO - 点击第一个赛题中------------->
2020-12-17 16:51:52,774 - root - INFO - ###############################  End  ###############################
2020-12-17 16:51:52,807 - root - INFO - ############################### Login ###############################
2020-12-17 16:52:00,711 - root - INFO - 点击算法大赛中------------->
2020-12-17 16:52:03,871 - root - INFO - 点击报名中------------->
2020-12-17 16:52:05,225 - root - INFO - ###############################  End  ###############################
2020-12-17 16:52:05,283 - root - INFO - ############################### Login ###############################
2020-12-17 16:52:15,125 - root - INFO - 点击算法大赛中------------->
2020-12-17 16:52:21,209 - root - INFO - ###############################  End  ###############################
2020-12-17 16:52:21,210 - root - INFO - ############################### START ###############################
2020-12-17 16:52:24,072 - root - INFO - ###############################  End  ###############################
2020-12-17 16:55:34,451 - root - INFO - ############################### START ###############################
2020-12-17 16:55:38,217 - root - INFO - 打开首页中------------->
2020-12-17 16:55:40,648 - root - INFO - ###############################  End  ###############################
2020-12-17 16:55:40,648 - root - INFO - ############################### START ###############################
2020-12-17 16:55:43,514 - root - INFO - 打开首页中------------->
2020-12-17 16:55:45,447 - root - INFO - 点击登陆中------------->
2020-12-17 16:55:47,829 - root - INFO - ###############################  End  ###############################
2020-12-17 16:55:47,829 - root - INFO - ############################### START ###############################
2020-12-17 16:55:50,972 - root - INFO - 打开首页中------------->
2020-12-17 16:55:52,976 - root - INFO - 点击注册中------------->
2020-12-17 16:55:55,252 - root - INFO - ###############################  End  ###############################
2020-12-17 16:55:55,253 - root - INFO - ############################### START ###############################
2020-12-17 16:55:57,757 - root - INFO - 打开首页中------------->
2020-12-17 16:55:59,676 - root - INFO - 点击登陆中------------->
2020-12-17 16:56:02,196 - root - INFO - ###############################  End  ###############################
2020-12-17 16:56:02,197 - root - INFO - ############################### START ###############################
2020-12-17 16:56:04,867 - root - INFO - 打开首页中------------->
2020-12-17 16:56:06,839 - root - INFO - 点击注册中------------->
2020-12-17 16:56:09,198 - root - INFO - ###############################  End  ###############################
2020-12-17 16:56:09,200 - root - INFO - ############################### START ###############################
2020-12-17 16:56:12,520 - root - INFO - 打开首页中------------->
2020-12-17 16:56:14,719 - root - INFO - 点击注册中------------->
2020-12-17 16:56:17,414 - root - INFO - ###############################  End  ###############################
2020-12-17 16:56:17,416 - root - INFO - ############################### START ###############################
2020-12-17 16:56:20,237 - root - INFO - 打开首页中------------->
2020-12-17 16:56:22,127 - root - INFO - 点击图片1中------------->
2020-12-17 16:56:24,954 - root - INFO - ###############################  End  ###############################
2020-12-17 16:56:24,954 - root - INFO - ############################### START ###############################
2020-12-17 16:56:27,835 - root - INFO - 打开首页中------------->
2020-12-17 16:56:29,743 - root - INFO - 点击图片2中------------->
2020-12-17 16:56:32,103 - root - INFO - ###############################  End  ###############################
2020-12-17 16:56:32,111 - root - INFO - ############################### START ###############################
2020-12-17 16:56:34,576 - root - INFO - 打开首页中------------->
2020-12-17 16:56:36,557 - root - INFO - 点击图片3中------------->
2020-12-17 16:56:38,951 - root - INFO - ###############################  End  ###############################
2020-12-17 16:56:38,952 - root - INFO - ############################### START ###############################
2020-12-17 16:56:41,384 - root - INFO - 打开南邮登录页中------------->
2020-12-17 16:56:42,264 - root - INFO - 输入账号密码中------------->
2020-12-17 16:56:43,231 - root - INFO - ###############################  End  ###############################
2020-12-17 16:56:43,232 - root - INFO - ############################### START ###############################
2020-12-17 16:56:45,662 - root - INFO - 打开南邮登录页中------------->
2020-12-17 16:56:47,115 - root - INFO - 输入账号密码中------------->
2020-12-17 16:56:48,351 - root - INFO - ###############################  End  ###############################
2020-12-17 16:56:48,352 - root - INFO - ############################### START ###############################
2020-12-17 16:56:51,243 - root - INFO - 打开南邮登录页中------------->
2020-12-17 16:56:52,396 - root - INFO - 输入账号密码中------------->
2020-12-17 16:56:53,531 - root - INFO - ###############################  End  ###############################
2020-12-17 16:56:53,532 - root - INFO - ############################### START ###############################
2020-12-17 16:56:56,342 - root - INFO - 打开南邮登录页中------------->
2020-12-17 16:56:57,585 - root - INFO - 输入账号密码中------------->
2020-12-17 16:56:58,979 - root - INFO - ###############################  End  ###############################
2020-12-17 16:56:58,980 - root - INFO - ############################### START ###############################
2020-12-17 16:57:01,945 - root - INFO - ###############################  End  ###############################
2020-12-17 16:57:01,964 - root - INFO - ############################### Login ###############################
2020-12-17 16:57:11,248 - root - INFO - 点击算法大赛中------------->
2020-12-17 16:57:15,383 - root - INFO - ###############################  End  ###############################
2020-12-17 16:57:15,438 - root - INFO - ############################### Login ###############################
2020-12-17 16:57:26,672 - root - INFO - 点击算法大赛中------------->
2020-12-17 16:57:32,236 - root - INFO - ###############################  End  ###############################
2020-12-17 16:57:32,290 - root - INFO - ############################### Login ###############################
2020-12-17 16:57:43,461 - root - INFO - 点击算法大赛中------------->
2020-12-17 16:57:49,150 - root - INFO - ###############################  End  ###############################
2020-12-17 16:57:49,222 - root - INFO - ############################### Login ###############################
2020-12-17 16:58:01,416 - root - INFO - 点击算法大赛中------------->
2020-12-17 16:58:12,985 - root - INFO - ###############################  End  ###############################
2020-12-17 16:58:13,016 - root - INFO - ############################### Login ###############################
2020-12-17 16:58:25,026 - root - INFO - 点击算法大赛中------------->
2020-12-17 16:58:28,651 - root - INFO - 点击行人重识别中------------->
2020-12-17 16:58:30,616 - root - INFO - ###############################  End  ###############################
2020-12-17 16:58:30,672 - root - INFO - ############################### Login ###############################
2020-12-17 16:58:43,491 - root - INFO - 点击算法大赛中------------->
2020-12-17 16:58:46,907 - root - INFO - 点击行人重识别中------------->
2020-12-17 16:58:48,856 - root - INFO - ###############################  End  ###############################
2020-12-17 16:58:49,021 - root - INFO - ############################### Login ###############################
2020-12-17 16:59:00,621 - root - INFO - 点击算法大赛中------------->
2020-12-17 16:59:03,939 - root - INFO - 点击第一个赛题中------------->
2020-12-17 16:59:05,655 - root - INFO - ###############################  End  ###############################
2020-12-17 16:59:05,739 - root - INFO - ############################### Login ###############################
2020-12-17 16:59:18,408 - root - INFO - 点击算法大赛中------------->
2020-12-17 16:59:21,834 - root - INFO - 点击报名中------------->
2020-12-17 16:59:22,026 - root - INFO - 无法报名--，报名已截至，请切换项目
2020-12-17 16:59:22,147 - root - INFO - ###############################  End  ###############################
2020-12-17 16:59:22,245 - root - INFO - ############################### Login ###############################
2020-12-17 16:59:30,287 - root - INFO - 点击算法大赛中------------->
2020-12-17 16:59:33,459 - root - INFO - 点击第一个赛题中------------->
2020-12-17 16:59:35,805 - root - INFO - ###############################  End  ###############################
2020-12-17 16:59:35,837 - root - INFO - ############################### Login ###############################
2020-12-17 16:59:43,678 - root - INFO - 点击算法大赛中------------->
2020-12-17 16:59:46,836 - root - INFO - 点击报名中------------->
2020-12-17 16:59:48,115 - root - INFO - ###############################  End  ###############################
2020-12-17 16:59:48,178 - root - INFO - ############################### Login ###############################
2020-12-17 16:59:56,537 - root - INFO - 点击算法大赛中------------->
2020-12-17 16:59:59,703 - root - INFO - 点击第一个赛题中------------->
2020-12-17 17:00:02,188 - root - INFO - ###############################  End  ###############################
2020-12-17 17:00:02,242 - root - INFO - ############################### Login ###############################
2020-12-17 17:00:10,453 - root - INFO - 点击算法大赛中------------->
2020-12-17 17:00:13,660 - root - INFO - 点击报名中------------->
2020-12-17 17:00:14,882 - root - INFO - ###############################  End  ###############################
2020-12-17 17:00:14,956 - root - INFO - ############################### Login ###############################
2020-12-17 17:00:22,655 - root - INFO - 点击算法大赛中------------->
2020-12-17 17:00:25,812 - root - INFO - 点击第一个赛题中------------->
2020-12-17 17:00:28,250 - root - INFO - ###############################  End  ###############################
2020-12-17 17:00:28,312 - root - INFO - ############################### Login ###############################
2020-12-17 17:00:35,998 - root - INFO - 点击算法大赛中------------->
2020-12-17 17:00:39,238 - root - INFO - 点击报名中------------->
2020-12-17 17:00:40,729 - root - INFO - ###############################  End  ###############################
2020-12-17 17:00:40,752 - root - INFO - ############################### Login ###############################
2020-12-17 17:00:49,479 - root - INFO - 点击算法大赛中------------->
2020-12-17 17:00:52,854 - root - INFO - 点击第一个赛题中------------->
2020-12-17 17:00:53,628 - root - INFO - ###############################  End  ###############################
2020-12-17 17:00:53,675 - root - INFO - ############################### Login ###############################
2020-12-17 17:01:01,778 - root - INFO - 点击算法大赛中------------->
2020-12-17 17:01:05,051 - root - INFO - 点击报名中------------->
2020-12-17 17:01:06,473 - root - INFO - ###############################  End  ###############################
2020-12-17 17:01:06,546 - root - INFO - ############################### Login ###############################
2020-12-17 17:01:14,514 - root - INFO - 点击算法大赛中------------->
2020-12-17 17:01:20,896 - root - INFO - ###############################  End  ###############################
2020-12-17 17:01:20,905 - root - INFO - ############################### START ###############################
2020-12-17 17:01:23,796 - root - INFO - ###############################  End  ###############################
2020-12-17 17:10:20,006 - root - INFO - ############################### START ###############################
2020-12-17 17:10:23,200 - root - INFO - ###############################  End  ###############################
2020-12-17 17:10:23,261 - root - INFO - ############################### Login ###############################
2020-12-17 17:10:32,091 - root - INFO - 点击算法大赛中------------->
2020-12-17 17:10:35,616 - root - INFO - ###############################  End  ###############################
2020-12-17 17:10:35,671 - root - INFO - ############################### Login ###############################
2020-12-17 17:10:44,348 - root - INFO - 点击算法大赛中------------->
2020-12-17 17:10:50,420 - root - INFO - ###############################  End  ###############################
2020-12-17 17:10:50,479 - root - INFO - ############################### Login ###############################
2020-12-17 17:10:57,482 - root - INFO - 点击算法大赛中------------->
2020-12-17 17:11:02,885 - root - INFO - ###############################  End  ###############################
2020-12-17 17:11:02,904 - root - INFO - ############################### Login ###############################
2020-12-17 17:11:11,700 - root - INFO - 点击算法大赛中------------->
2020-12-17 17:11:23,035 - root - INFO - ###############################  End  ###############################
2020-12-17 17:11:23,107 - root - INFO - ############################### Login ###############################
2020-12-17 17:11:30,205 - root - INFO - 点击算法大赛中------------->
2020-12-17 17:11:33,414 - root - INFO - 点击行人重识别中------------->
2020-12-17 17:11:33,915 - root - INFO - ###############################  End  ###############################
2020-12-17 17:11:33,943 - root - INFO - ############################### Login ###############################
2020-12-17 17:11:42,173 - root - INFO - 点击算法大赛中------------->
2020-12-17 17:11:45,445 - root - INFO - 点击行人重识别中------------->
2020-12-17 17:11:46,125 - root - INFO - ###############################  End  ###############################
2020-12-17 17:11:46,208 - root - INFO - ############################### Login ###############################
2020-12-17 17:11:55,059 - root - INFO - 点击算法大赛中------------->
2020-12-17 17:11:58,294 - root - INFO - 点击第一个赛题中------------->
2020-12-17 17:12:00,902 - root - INFO - ###############################  End  ###############################
2020-12-17 17:12:00,959 - root - INFO - ############################### Login ###############################
2020-12-17 17:12:07,183 - root - INFO - 点击算法大赛中------------->
2020-12-17 17:12:10,415 - root - INFO - 点击报名中------------->
2020-12-17 17:12:10,442 - root - INFO - 无法报名--，报名已截至，请切换项目
2020-12-17 17:12:11,541 - root - INFO - ###############################  End  ###############################
2020-12-17 17:12:11,559 - root - INFO - ############################### Login ###############################
2020-12-17 17:12:19,361 - root - INFO - 点击算法大赛中------------->
2020-12-17 17:12:22,541 - root - INFO - 点击第一个赛题中------------->
2020-12-17 17:12:22,939 - root - INFO - ###############################  End  ###############################
2020-12-17 17:12:22,972 - root - INFO - ############################### Login ###############################
2020-12-17 17:12:30,943 - root - INFO - 点击算法大赛中------------->
2020-12-17 17:12:34,140 - root - INFO - 点击报名中------------->
2020-12-17 17:12:35,599 - root - INFO - ###############################  End  ###############################
2020-12-17 17:12:35,632 - root - INFO - ############################### Login ###############################
2020-12-17 17:12:43,895 - root - INFO - 点击算法大赛中------------->
2020-12-17 17:12:47,137 - root - INFO - 点击第一个赛题中------------->
2020-12-17 17:12:52,552 - root - INFO - ###############################  End  ###############################
2020-12-17 17:12:52,570 - root - INFO - ############################### Login ###############################
2020-12-17 17:13:00,877 - root - INFO - 点击算法大赛中------------->
2020-12-17 17:13:04,066 - root - INFO - 点击报名中------------->
2020-12-17 17:13:05,395 - root - INFO - ###############################  End  ###############################
2020-12-17 17:13:05,466 - root - INFO - ############################### Login ###############################
2020-12-17 17:13:14,105 - root - INFO - 点击算法大赛中------------->
2020-12-17 17:13:17,368 - root - INFO - 点击第一个赛题中------------->
2020-12-17 17:13:17,942 - root - INFO - ###############################  End  ###############################
2020-12-17 17:13:18,011 - root - INFO - ############################### Login ###############################
2020-12-17 17:13:26,549 - root - INFO - 点击算法大赛中------------->
2020-12-17 17:13:29,818 - root - INFO - 点击报名中------------->
2020-12-17 17:13:31,252 - root - INFO - ###############################  End  ###############################
2020-12-17 17:13:31,297 - root - INFO - ############################### Login ###############################
2020-12-17 17:13:40,499 - root - INFO - 点击算法大赛中------------->
2020-12-17 17:13:43,720 - root - INFO - 点击第一个赛题中------------->
2020-12-17 17:13:45,220 - root - INFO - ###############################  End  ###############################
2020-12-17 17:13:45,242 - root - INFO - ############################### Login ###############################
2020-12-17 17:13:53,066 - root - INFO - 点击算法大赛中------------->
2020-12-17 17:13:56,451 - root - INFO - 点击报名中------------->
2020-12-17 17:13:57,782 - root - INFO - ###############################  End  ###############################
2020-12-17 17:13:57,814 - root - INFO - ############################### Login ###############################
2020-12-17 17:14:05,492 - root - INFO - 点击算法大赛中------------->
2020-12-17 17:14:11,192 - root - INFO - ###############################  End  ###############################
2020-12-17 17:14:11,195 - root - INFO - ############################### START ###############################
2020-12-17 17:14:15,253 - root - INFO - ###############################  End  ###############################
2020-12-17 17:22:30,236 - root - INFO - ############################### START ###############################
2020-12-17 17:22:33,080 - root - INFO - ###############################  End  ###############################
2020-12-17 17:22:33,152 - root - INFO - ############################### Login ###############################
2020-12-17 17:22:41,941 - root - INFO - 点击算法大赛中------------->
2020-12-17 17:22:45,299 - root - INFO - ###############################  End  ###############################
2020-12-17 17:22:45,371 - root - INFO - ############################### Login ###############################
2020-12-17 17:22:52,832 - root - INFO - 点击算法大赛中------------->
2020-12-17 17:22:58,393 - root - INFO - ###############################  End  ###############################
2020-12-17 17:22:58,486 - root - INFO - ############################### Login ###############################
2020-12-17 17:23:07,001 - root - INFO - 点击算法大赛中------------->
2020-12-17 17:23:11,145 - root - INFO - ###############################  End  ###############################
2020-12-17 17:23:11,202 - root - INFO - ############################### Login ###############################
2020-12-17 17:23:19,259 - root - INFO - 点击算法大赛中------------->
2020-12-17 17:23:29,925 - root - INFO - ###############################  End  ###############################
2020-12-17 17:23:29,953 - root - INFO - ############################### Login ###############################
2020-12-17 17:23:38,400 - root - INFO - 点击算法大赛中------------->
2020-12-17 17:23:41,732 - root - INFO - 点击行人重识别中------------->
2020-12-17 17:23:44,694 - root - INFO - ###############################  End  ###############################
2020-12-17 17:23:44,763 - root - INFO - ############################### Login ###############################
2020-12-17 17:23:52,899 - root - INFO - 点击算法大赛中------------->
2020-12-17 17:23:56,068 - root - INFO - 点击行人重识别中------------->
2020-12-17 17:23:58,555 - root - INFO - ###############################  End  ###############################
2020-12-17 17:23:58,619 - root - INFO - ############################### Login ###############################
2020-12-17 17:24:07,698 - root - INFO - 点击算法大赛中------------->
2020-12-17 17:24:11,198 - root - INFO - 点击第一个赛题中------------->
2020-12-17 17:24:13,741 - root - INFO - ###############################  End  ###############################
2020-12-17 17:24:13,793 - root - INFO - ############################### Login ###############################
2020-12-17 17:24:21,926 - root - INFO - 点击算法大赛中------------->
2020-12-17 17:24:25,101 - root - INFO - 点击报名中------------->
2020-12-17 17:24:25,139 - root - INFO - 无法报名--，报名已截至，请切换项目
2020-12-17 17:24:25,223 - root - INFO - ###############################  End  ###############################
2020-12-17 17:24:25,269 - root - INFO - ############################### Login ###############################
2020-12-17 17:24:33,445 - root - INFO - 点击算法大赛中------------->
2020-12-17 17:24:36,581 - root - INFO - 点击第一个赛题中------------->
2020-12-17 17:24:37,240 - root - INFO - ###############################  End  ###############################
2020-12-17 17:24:37,304 - root - INFO - ############################### Login ###############################
2020-12-17 17:24:47,657 - root - INFO - 点击算法大赛中------------->
2020-12-17 17:24:51,403 - root - INFO - 点击报名中------------->
2020-12-17 17:24:54,171 - root - INFO - ###############################  End  ###############################
2020-12-17 17:24:54,215 - root - INFO - ############################### Login ###############################
2020-12-17 17:25:05,426 - root - INFO - 点击算法大赛中------------->
2020-12-17 17:25:08,712 - root - INFO - 点击第一个赛题中------------->
2020-12-17 17:25:10,226 - root - INFO - ###############################  End  ###############################
2020-12-17 17:25:10,271 - root - INFO - ############################### Login ###############################
2020-12-17 17:25:18,207 - root - INFO - 点击算法大赛中------------->
2020-12-17 17:25:21,371 - root - INFO - 点击报名中------------->
2020-12-17 17:25:22,838 - root - INFO - ###############################  End  ###############################
2020-12-17 17:25:22,877 - root - INFO - ############################### Login ###############################
2020-12-17 17:25:30,860 - root - INFO - 点击算法大赛中------------->
2020-12-17 17:25:34,195 - root - INFO - 点击第一个赛题中------------->
2020-12-17 17:25:34,825 - root - INFO - ###############################  End  ###############################
2020-12-17 17:25:34,845 - root - INFO - ############################### Login ###############################
2020-12-17 17:25:44,471 - root - INFO - 点击算法大赛中------------->
2020-12-17 17:25:47,705 - root - INFO - 点击报名中------------->
2020-12-17 17:25:49,225 - root - INFO - ###############################  End  ###############################
2020-12-17 17:25:49,262 - root - INFO - ############################### Login ###############################
2020-12-17 17:25:58,218 - root - INFO - 点击算法大赛中------------->
2020-12-17 17:26:01,435 - root - INFO - 点击第一个赛题中------------->
2020-12-17 17:26:02,232 - root - INFO - ###############################  End  ###############################
2020-12-17 17:26:02,260 - root - INFO - ############################### Login ###############################
2020-12-17 17:26:11,236 - root - INFO - 点击算法大赛中------------->
2020-12-17 17:26:14,569 - root - INFO - 点击报名中------------->
2020-12-17 17:26:16,029 - root - INFO - ###############################  End  ###############################
2020-12-17 17:26:16,068 - root - INFO - ############################### Login ###############################
2020-12-17 17:26:25,283 - root - INFO - 点击算法大赛中------------->
2020-12-17 17:26:33,577 - root - INFO - ###############################  End  ###############################
2020-12-17 17:26:33,579 - root - INFO - ############################### START ###############################
2020-12-17 17:26:38,070 - root - INFO - ###############################  End  ###############################
2020-12-17 17:38:08,763 - root - INFO - ############################### START ###############################
2020-12-17 17:38:12,148 - root - INFO - ###############################  End  ###############################
2020-12-17 17:38:12,242 - root - INFO - ############################### Login ###############################
2020-12-17 17:38:22,671 - root - INFO - 点击算法大赛中------------->
2020-12-17 17:38:26,634 - root - INFO - ###############################  End  ###############################
2020-12-17 17:38:26,651 - root - INFO - ############################### Login ###############################
2020-12-17 17:38:36,170 - root - INFO - 点击算法大赛中------------->
2020-12-17 17:38:40,472 - root - INFO - ###############################  End  ###############################
2020-12-17 17:38:40,570 - root - INFO - ############################### Login ###############################
2020-12-17 17:38:49,906 - root - INFO - 点击算法大赛中------------->
2020-12-17 17:38:56,360 - root - INFO - ###############################  End  ###############################
2020-12-17 17:38:56,414 - root - INFO - ############################### Login ###############################
2020-12-17 17:39:05,596 - root - INFO - 点击算法大赛中------------->
2020-12-17 17:39:16,179 - root - INFO - ###############################  End  ###############################
2020-12-17 17:39:16,217 - root - INFO - ############################### Login ###############################
2020-12-17 17:39:25,955 - root - INFO - 点击算法大赛中------------->
2020-12-17 17:39:29,259 - root - INFO - 点击行人重识别中------------->
2020-12-17 17:39:31,739 - root - INFO - ###############################  End  ###############################
2020-12-17 17:39:31,789 - root - INFO - ############################### Login ###############################
2020-12-17 17:39:42,129 - root - INFO - 点击算法大赛中------------->
2020-12-17 17:39:45,430 - root - INFO - 点击行人重识别中------------->
2020-12-17 17:39:47,995 - root - INFO - ###############################  End  ###############################
2020-12-17 17:39:48,017 - root - INFO - ############################### Login ###############################
2020-12-17 17:39:58,130 - root - INFO - 点击算法大赛中------------->
2020-12-17 17:40:01,796 - root - INFO - 点击第一个赛题中------------->
2020-12-17 17:40:02,514 - root - INFO - ###############################  End  ###############################
2020-12-17 17:40:02,566 - root - INFO - ############################### Login ###############################
2020-12-17 17:40:11,190 - root - INFO - 点击算法大赛中------------->
2020-12-17 17:40:14,401 - root - INFO - 点击报名中------------->
2020-12-17 17:40:14,592 - root - INFO - 无法报名--，报名已截至，请切换项目
2020-12-17 17:40:14,751 - root - INFO - ###############################  End  ###############################
2020-12-17 17:40:14,797 - root - INFO - ############################### Login ###############################
2020-12-17 17:40:23,924 - root - INFO - 点击算法大赛中------------->
2020-12-17 17:40:27,546 - root - INFO - 点击第一个赛题中------------->
2020-12-17 17:40:30,235 - root - INFO - ###############################  End  ###############################
2020-12-17 17:40:30,308 - root - INFO - ############################### Login ###############################
2020-12-17 17:40:39,391 - root - INFO - 点击算法大赛中------------->
2020-12-17 17:40:42,640 - root - INFO - 点击报名中------------->
2020-12-17 17:40:42,665 - root - INFO - 无法报名--，报名已截至，请切换项目
2020-12-17 17:40:42,854 - root - INFO - ###############################  End  ###############################
2020-12-17 17:40:42,874 - root - INFO - ############################### Login ###############################
2020-12-17 17:40:51,463 - root - INFO - 点击算法大赛中------------->
2020-12-17 17:40:54,717 - root - INFO - 点击第一个赛题中------------->
2020-12-17 17:40:57,292 - root - INFO - ###############################  End  ###############################
2020-12-17 17:40:57,361 - root - INFO - ############################### Login ###############################
2020-12-17 17:41:06,114 - root - INFO - 点击算法大赛中------------->
2020-12-17 17:41:09,388 - root - INFO - 点击报名中------------->
2020-12-17 17:41:09,445 - root - INFO - 无法报名--，报名已截至，请切换项目
2020-12-17 17:41:09,531 - root - INFO - ###############################  End  ###############################
2020-12-17 17:41:09,570 - root - INFO - ############################### Login ###############################
2020-12-17 17:41:19,210 - root - INFO - 点击算法大赛中------------->
2020-12-17 17:41:22,717 - root - INFO - 点击第一个赛题中------------->
2020-12-17 17:41:26,064 - root - INFO - ###############################  End  ###############################
2020-12-17 17:41:26,091 - root - INFO - ############################### Login ###############################
2020-12-17 17:41:34,133 - root - INFO - 点击算法大赛中------------->
2020-12-17 17:41:37,383 - root - INFO - 点击报名中------------->
2020-12-17 17:41:37,429 - root - INFO - 无法报名--，报名已截至，请切换项目
2020-12-17 17:41:37,595 - root - INFO - ###############################  End  ###############################
2020-12-17 17:41:37,629 - root - INFO - ############################### Login ###############################
2020-12-17 17:41:46,108 - root - INFO - 点击算法大赛中------------->
2020-12-17 17:41:49,542 - root - INFO - 点击第一个赛题中------------->
2020-12-17 17:41:52,043 - root - INFO - ###############################  End  ###############################
2020-12-17 17:41:52,093 - root - INFO - ############################### Login ###############################
2020-12-17 17:42:01,329 - root - INFO - 点击算法大赛中------------->
2020-12-17 17:42:04,588 - root - INFO - 点击报名中------------->
2020-12-17 17:42:04,869 - root - INFO - 无法报名--，报名已截至，请切换项目
2020-12-17 17:42:05,025 - root - INFO - ###############################  End  ###############################
2020-12-17 17:42:05,057 - root - INFO - ############################### Login ###############################
2020-12-17 17:42:14,631 - root - INFO - 点击算法大赛中------------->
2020-12-17 17:42:20,566 - root - INFO - ###############################  End  ###############################
2020-12-17 17:42:20,567 - root - INFO - ############################### START ###############################
2020-12-17 17:42:23,775 - root - INFO - ###############################  End  ###############################
2020-12-17 17:48:15,180 - root - INFO - ############################### START ###############################
2020-12-17 17:48:18,472 - root - INFO - ###############################  End  ###############################
2020-12-17 17:48:18,528 - root - INFO - ############################### Login ###############################
2020-12-17 17:48:27,094 - root - INFO - 点击算法大赛中------------->
2020-12-17 17:48:31,454 - root - INFO - ###############################  End  ###############################
2020-12-17 17:48:31,511 - root - INFO - ############################### Login ###############################
2020-12-17 17:48:39,777 - root - INFO - 点击算法大赛中------------->
2020-12-17 17:48:45,844 - root - INFO - ###############################  End  ###############################
2020-12-17 17:48:45,900 - root - INFO - ############################### Login ###############################
2020-12-17 17:48:54,341 - root - INFO - 点击算法大赛中------------->
2020-12-17 17:49:00,299 - root - INFO - ###############################  End  ###############################
2020-12-17 17:49:00,370 - root - INFO - ############################### Login ###############################
2020-12-17 17:49:08,819 - root - INFO - 点击算法大赛中------------->
2020-12-17 17:49:19,937 - root - INFO - ###############################  End  ###############################
2020-12-17 17:49:20,000 - root - INFO - ############################### Login ###############################
2020-12-17 17:49:28,644 - root - INFO - 点击算法大赛中------------->
2020-12-17 17:49:31,920 - root - INFO - 点击行人重识别中------------->
2020-12-17 17:49:34,328 - root - INFO - ###############################  End  ###############################
2020-12-17 17:49:34,392 - root - INFO - ############################### Login ###############################
2020-12-17 17:49:42,437 - root - INFO - 点击算法大赛中------------->
2020-12-17 17:49:45,600 - root - INFO - 点击行人重识别中------------->
2020-12-17 17:49:48,392 - root - INFO - ###############################  End  ###############################
2020-12-17 17:49:48,455 - root - INFO - ############################### Login ###############################
2020-12-17 17:49:56,415 - root - INFO - 点击算法大赛中------------->
2020-12-17 17:49:59,645 - root - INFO - 点击第一个赛题中------------->
2020-12-17 17:50:02,077 - root - INFO - ###############################  End  ###############################
2020-12-17 17:50:02,136 - root - INFO - ############################### Login ###############################
2020-12-17 17:50:09,934 - root - INFO - 点击算法大赛中------------->
2020-12-17 17:50:13,132 - root - INFO - 点击报名中------------->
2020-12-17 17:50:13,167 - root - INFO - 无法报名--，报名已截至，请切换项目
2020-12-17 17:50:13,268 - root - INFO - ###############################  End  ###############################
2020-12-17 17:50:13,344 - root - INFO - ############################### Login ###############################
2020-12-17 17:50:20,974 - root - INFO - 点击算法大赛中------------->
2020-12-17 17:50:24,247 - root - INFO - 点击第一个赛题中------------->
2020-12-17 17:50:27,687 - root - INFO - ###############################  End  ###############################
2020-12-17 17:50:27,704 - root - INFO - ############################### Login ###############################
2020-12-17 17:50:35,504 - root - INFO - 点击算法大赛中------------->
2020-12-17 17:50:38,682 - root - INFO - 点击报名中------------->
2020-12-17 17:50:38,753 - root - INFO - 无法报名--，报名已截至，请切换项目
2020-12-17 17:50:38,851 - root - INFO - ###############################  End  ###############################
2020-12-17 17:50:38,882 - root - INFO - ############################### Login ###############################
2020-12-17 17:50:46,562 - root - INFO - 点击算法大赛中------------->
2020-12-17 17:50:49,726 - root - INFO - 点击第一个赛题中------------->
2020-12-17 17:50:50,304 - root - INFO - ###############################  End  ###############################
2020-12-17 17:50:50,360 - root - INFO - ############################### Login ###############################
2020-12-17 17:50:58,207 - root - INFO - 点击算法大赛中------------->
2020-12-17 17:51:01,390 - root - INFO - 点击报名中------------->
2020-12-17 17:51:01,470 - root - INFO - 无法报名--，报名已截至，请切换项目
2020-12-17 17:51:01,594 - root - INFO - ###############################  End  ###############################
2020-12-17 17:51:01,614 - root - INFO - ############################### Login ###############################
2020-12-17 17:51:09,856 - root - INFO - 点击算法大赛中------------->
2020-12-17 17:51:12,998 - root - INFO - 点击第一个赛题中------------->
2020-12-17 17:51:13,404 - root - INFO - ###############################  End  ###############################
2020-12-17 17:51:13,461 - root - INFO - ############################### Login ###############################
2020-12-17 17:51:21,595 - root - INFO - 点击算法大赛中------------->
2020-12-17 17:51:24,856 - root - INFO - 点击报名中------------->
2020-12-17 17:51:24,905 - root - INFO - 无法报名--，报名已截至，请切换项目
2020-12-17 17:51:25,035 - root - INFO - ###############################  End  ###############################
2020-12-17 17:51:25,093 - root - INFO - ############################### Login ###############################
2020-12-17 17:51:32,665 - root - INFO - 点击算法大赛中------------->
2020-12-17 17:51:35,822 - root - INFO - 点击第一个赛题中------------->
2020-12-17 17:51:38,138 - root - INFO - ###############################  End  ###############################
2020-12-17 17:51:38,195 - root - INFO - ############################### Login ###############################
2020-12-17 17:51:45,990 - root - INFO - 点击算法大赛中------------->
2020-12-17 17:51:49,200 - root - INFO - 点击报名中------------->
2020-12-17 17:51:49,231 - root - INFO - 无法报名--，报名已截至，请切换项目
2020-12-17 17:51:49,394 - root - INFO - ###############################  End  ###############################
2020-12-17 17:51:49,416 - root - INFO - ############################### Login ###############################
2020-12-17 17:51:59,081 - root - INFO - 点击算法大赛中------------->
2020-12-17 17:52:04,771 - root - INFO - ###############################  End  ###############################
2020-12-17 17:52:04,771 - root - INFO - ############################### START ###############################
2020-12-17 17:52:07,769 - root - INFO - ###############################  End  ###############################
2020-12-17 17:59:21,924 - root - INFO - ############################### START ###############################
2020-12-17 17:59:23,728 - root - INFO - ###############################  End  ###############################
2020-12-17 17:59:23,784 - root - INFO - ############################### Login ###############################
2020-12-17 17:59:30,315 - root - INFO - 点击算法大赛中------------->
2020-12-17 17:59:33,598 - root - INFO - 点击第一个赛题中------------->
2020-12-17 17:59:34,143 - root - INFO - ###############################  End  ###############################
2020-12-17 17:59:34,174 - root - INFO - ############################### Login ###############################
2020-12-17 17:59:43,475 - root - INFO - 点击算法大赛中------------->
2020-12-17 17:59:46,698 - root - INFO - 点击报名中------------->
2020-12-17 17:59:46,729 - root - ERROR - <selenium.webdriver.remote.webelement.WebElement (session="2a0942ca4cbb29b74cda10a3614952e3", element="e33144f1-880a-4490-9692-004cb903aec7")>
2020-12-17 17:59:46,729 - root - INFO - 无法报名--，报名已截至，请切换项目
2020-12-17 17:59:46,902 - root - INFO - ###############################  End  ###############################
2020-12-17 17:59:46,957 - root - INFO - ############################### Login ###############################
2020-12-17 17:59:55,109 - root - INFO - 点击算法大赛中------------->
2020-12-17 17:59:58,274 - root - INFO - 点击第一个赛题中------------->
2020-12-17 17:59:58,742 - root - INFO - ###############################  End  ###############################
2020-12-17 17:59:58,793 - root - INFO - ############################### Login ###############################
2020-12-17 18:00:06,444 - root - INFO - 点击算法大赛中------------->
2020-12-17 18:00:09,604 - root - INFO - 点击报名中------------->
2020-12-17 18:00:09,635 - root - ERROR - <selenium.webdriver.remote.webelement.WebElement (session="2ca4e4e6b2701238143b2512bba659f3", element="667aa39b-5e12-4cfb-9e05-6599e67c7040")>
2020-12-17 18:00:09,635 - root - INFO - 无法报名--，报名已截至，请切换项目
2020-12-17 18:00:09,770 - root - INFO - ###############################  End  ###############################
2020-12-17 18:00:09,800 - root - INFO - ############################### Login ###############################
2020-12-17 18:00:17,342 - root - INFO - 点击算法大赛中------------->
2020-12-17 18:00:20,583 - root - INFO - 点击第一个赛题中------------->
2020-12-17 18:00:21,679 - root - INFO - ###############################  End  ###############################
2020-12-17 18:00:21,734 - root - INFO - ############################### Login ###############################
2020-12-17 18:00:29,519 - root - INFO - 点击算法大赛中------------->
2020-12-17 18:00:32,770 - root - INFO - 点击报名中------------->
2020-12-17 18:00:32,801 - root - ERROR - <selenium.webdriver.remote.webelement.WebElement (session="9c22d991120895f2e9613d6f2ba458dc", element="48b95b71-cc15-434a-95a8-7f33690da89e")>
2020-12-17 18:00:32,801 - root - INFO - 无法报名--，报名已截至，请切换项目
2020-12-17 18:00:32,896 - root - INFO - ###############################  End  ###############################
2020-12-17 18:00:32,937 - root - INFO - ############################### Login ###############################
2020-12-17 18:00:46,987 - root - INFO - 点击算法大赛中------------->
2020-12-17 18:00:50,147 - root - INFO - 点击第一个赛题中------------->
2020-12-17 18:00:52,597 - root - INFO - ###############################  End  ###############################
2020-12-17 18:00:52,619 - root - INFO - ############################### Login ###############################
2020-12-17 18:01:00,234 - root - INFO - 点击算法大赛中------------->
2020-12-17 18:01:03,834 - root - INFO - 点击报名中------------->
2020-12-17 18:01:04,253 - root - ERROR - <selenium.webdriver.remote.webelement.WebElement (session="96011a9e99dd4c6c09a57e2791849235", element="2c63e26b-c1d3-4fd5-8dfb-af6510f589d6")>
2020-12-17 18:01:04,254 - root - INFO - 无法报名--，报名已截至，请切换项目
2020-12-17 18:01:04,472 - root - INFO - ###############################  End  ###############################
2020-12-17 18:01:04,536 - root - INFO - ############################### Login ###############################
2020-12-17 18:01:13,233 - root - INFO - 点击算法大赛中------------->
2020-12-17 18:01:16,388 - root - INFO - 点击第一个赛题中------------->
2020-12-17 18:01:18,806 - root - INFO - ###############################  End  ###############################
2020-12-17 18:01:18,834 - root - INFO - ############################### Login ###############################
2020-12-17 18:01:26,872 - root - INFO - 点击算法大赛中------------->
2020-12-17 18:01:30,312 - root - INFO - 点击报名中------------->
2020-12-17 18:01:30,330 - root - ERROR - <selenium.webdriver.remote.webelement.WebElement (session="33ad7e045b293474845a128159e0f7bf", element="f724e8db-f2d9-4fe2-a7fc-159f3f5989ef")>
2020-12-17 18:01:30,330 - root - INFO - 无法报名--，报名已截至，请切换项目
2020-12-17 18:01:30,404 - root - INFO - ###############################  End  ###############################
2020-12-17 18:01:30,405 - root - INFO - ############################### START ###############################
2020-12-17 18:01:33,394 - root - INFO - ###############################  End  ###############################
2020-12-17 18:01:57,488 - root - INFO - ############################### START ###############################
2020-12-17 18:01:59,379 - root - INFO - ###############################  End  ###############################
2020-12-17 18:01:59,444 - root - INFO - ############################### Login ###############################
2020-12-17 18:02:06,942 - root - INFO - 点击算法大赛中------------->
2020-12-17 18:02:10,213 - root - INFO - 点击第一个赛题中------------->
2020-12-17 18:02:10,704 - root - INFO - ###############################  End  ###############################
2020-12-17 18:02:10,759 - root - INFO - ############################### Login ###############################
2020-12-17 18:02:20,000 - root - INFO - 点击算法大赛中------------->
2020-12-17 18:02:23,194 - root - INFO - 点击报名中------------->
2020-12-17 18:02:23,250 - root - ERROR - 报名截止
2020-12-17 18:02:23,251 - root - INFO - 无法报名--，报名已截至，请切换项目
2020-12-17 18:02:23,342 - root - INFO - ###############################  End  ###############################
2020-12-17 18:02:23,374 - root - INFO - ############################### Login ###############################
2020-12-17 18:02:33,506 - root - INFO - 点击算法大赛中------------->
2020-12-17 18:02:36,787 - root - INFO - 点击第一个赛题中------------->
2020-12-17 18:02:37,524 - root - INFO - ###############################  End  ###############################
2020-12-17 18:02:37,548 - root - INFO - ############################### Login ###############################
2020-12-17 18:02:45,170 - root - INFO - 点击算法大赛中------------->
2020-12-17 18:02:48,554 - root - INFO - 点击报名中------------->
2020-12-17 18:02:48,645 - root - ERROR - 报 名
2020-12-17 18:02:48,646 - root - INFO - 无法报名--，报名已截至，请切换项目
2020-12-17 18:02:48,781 - root - INFO - ###############################  End  ###############################
2020-12-17 18:02:48,831 - root - INFO - ############################### Login ###############################
2020-12-17 18:03:01,026 - root - INFO - 点击算法大赛中------------->
2020-12-17 18:03:04,263 - root - INFO - 点击第一个赛题中------------->
2020-12-17 18:03:08,879 - root - INFO - ###############################  End  ###############################
2020-12-17 18:03:08,919 - root - INFO - ############################### Login ###############################
2020-12-17 18:03:17,546 - root - INFO - 点击算法大赛中------------->
2020-12-17 18:03:20,753 - root - INFO - 点击报名中------------->
2020-12-17 18:03:20,826 - root - ERROR - 报 名
2020-12-17 18:03:20,827 - root - INFO - 无法报名--，报名已截至，请切换项目
2020-12-17 18:03:20,941 - root - INFO - ###############################  End  ###############################
2020-12-17 18:03:20,968 - root - INFO - ############################### Login ###############################
2020-12-17 18:03:28,560 - root - INFO - 点击算法大赛中------------->
2020-12-17 18:03:30,425 - root - INFO - 点击第一个赛题中------------->
2020-12-17 18:03:34,076 - root - INFO - ###############################  End  ###############################
2020-12-17 18:03:34,106 - root - INFO - ############################### Login ###############################
2020-12-17 18:03:42,873 - root - INFO - 点击算法大赛中------------->
2020-12-17 18:03:46,575 - root - INFO - 点击报名中------------->
2020-12-17 18:03:46,684 - root - ERROR - 报 名
2020-12-17 18:03:46,686 - root - INFO - 无法报名--，报名已截至，请切换项目
2020-12-17 18:03:47,823 - root - INFO - ###############################  End  ###############################
2020-12-17 18:03:47,845 - root - INFO - ############################### Login ###############################
2020-12-17 18:03:57,121 - root - INFO - 点击算法大赛中------------->
2020-12-17 18:04:00,378 - root - INFO - 点击第一个赛题中------------->
2020-12-17 18:04:01,460 - root - INFO - ###############################  End  ###############################
2020-12-17 18:04:01,504 - root - INFO - ############################### Login ###############################
2020-12-17 18:04:10,530 - root - INFO - 点击算法大赛中------------->
2020-12-17 18:04:13,745 - root - INFO - 点击报名中------------->
2020-12-17 18:04:13,827 - root - ERROR - 报名截止
2020-12-17 18:04:13,828 - root - INFO - 无法报名--，报名已截至，请切换项目
2020-12-17 18:04:14,009 - root - INFO - ###############################  End  ###############################
2020-12-17 18:04:14,014 - root - INFO - ############################### START ###############################
2020-12-17 18:04:17,830 - root - INFO - ###############################  End  ###############################
2020-12-17 18:04:24,735 - root - INFO - ############################### START ###############################
2020-12-17 18:04:27,501 - root - INFO - ###############################  End  ###############################
2020-12-17 18:04:27,579 - root - INFO - ############################### Login ###############################
2020-12-17 18:04:36,471 - root - INFO - 点击算法大赛中------------->
2020-12-17 18:04:39,626 - root - INFO - 点击第一个赛题中------------->
2020-12-17 18:04:40,077 - root - INFO - ###############################  End  ###############################
2020-12-17 18:04:40,177 - root - INFO - ############################### Login ###############################
2020-12-17 18:04:48,480 - root - INFO - 点击算法大赛中------------->
2020-12-17 18:04:51,800 - root - INFO - 点击报名中------------->
2020-12-17 18:04:51,868 - root - ERROR - 报名截止
2020-12-17 18:04:51,869 - root - INFO - 无法报名--，报名已截至，请切换项目
2020-12-17 18:04:51,977 - root - INFO - ###############################  End  ###############################
2020-12-17 18:04:52,024 - root - INFO - ############################### Login ###############################
2020-12-17 18:05:00,145 - root - INFO - 点击算法大赛中------------->
2020-12-17 18:05:03,385 - root - INFO - 点击第一个赛题中------------->
2020-12-17 18:05:05,797 - root - INFO - ###############################  End  ###############################
2020-12-17 18:05:05,837 - root - INFO - ############################### Login ###############################
2020-12-17 18:05:13,874 - root - INFO - 点击算法大赛中------------->
2020-12-17 18:05:17,094 - root - INFO - 点击报名中------------->
2020-12-17 18:05:17,201 - root - ERROR - 报 名
2020-12-17 18:05:18,373 - root - ERROR - 报错了
2020-12-17 18:05:28,516 - root - INFO - 元素找不到
2020-12-17 18:05:28,611 - root - INFO - ###############################  End  ###############################
2020-12-17 18:05:28,636 - root - INFO - ############################### Login ###############################
2020-12-17 18:06:21,365 - root - INFO - ############################### START ###############################
2020-12-17 18:06:23,496 - root - INFO - ###############################  End  ###############################
2020-12-17 18:06:23,517 - root - INFO - ############################### Login ###############################
2020-12-17 18:06:32,125 - root - INFO - 点击算法大赛中------------->
2020-12-17 18:06:35,550 - root - INFO - 点击第一个赛题中------------->
2020-12-17 18:06:36,265 - root - INFO - ###############################  End  ###############################
2020-12-17 18:06:36,344 - root - INFO - ############################### Login ###############################
2020-12-17 18:06:44,296 - root - INFO - 点击算法大赛中------------->
2020-12-17 18:06:47,452 - root - INFO - 点击报名中------------->
2020-12-17 18:06:47,513 - root - ERROR - 报名截止
2020-12-17 18:06:47,514 - root - INFO - 无法报名--，报名已截至，请切换项目
2020-12-17 18:06:47,598 - root - INFO - ###############################  End  ###############################
2020-12-17 18:06:47,630 - root - INFO - ############################### Login ###############################
2020-12-17 18:08:43,486 - root - INFO - 点击算法大赛中------------->
2020-12-17 18:08:46,748 - root - INFO - 点击第一个赛题中------------->
2020-12-17 18:08:47,412 - root - INFO - ###############################  End  ###############################
2020-12-17 18:08:47,436 - root - INFO - ############################### Login ###############################
2020-12-17 18:08:56,580 - root - INFO - 点击算法大赛中------------->
2020-12-17 18:08:59,789 - root - INFO - 点击报名中------------->
2020-12-17 18:08:59,941 - root - ERROR - 报 名
2020-12-17 18:09:01,172 - root - ERROR - Message: element click intercepted: Element <span>...</span> is not clickable at point (1431, 758). Other element would receive the click: <button type="button" class="ant-btn ant-btn-primary">...</button>
  (Session info: chrome=87.0.4280.66)
报错了
2020-12-17 18:09:11,266 - root - INFO - 元素找不到
2020-12-17 18:09:11,368 - root - INFO - ###############################  End  ###############################
2020-12-17 18:09:11,420 - root - INFO - ############################### Login ###############################
2020-12-17 18:09:19,205 - root - INFO - 点击算法大赛中------------->
2020-12-17 18:09:22,394 - root - INFO - 点击第一个赛题中------------->
2020-12-17 18:09:24,621 - root - INFO - ###############################  End  ###############################
2020-12-17 18:09:24,678 - root - INFO - ############################### Login ###############################
2020-12-17 18:09:32,341 - root - INFO - 点击算法大赛中------------->
2020-12-17 18:09:35,598 - root - INFO - 点击报名中------------->
2020-12-17 18:09:35,657 - root - ERROR - 报 名
2020-12-17 18:09:36,805 - root - ERROR - Message: element click intercepted: Element <span>...</span> is not clickable at point (1431, 769). Other element would receive the click: <button type="button" class="ant-btn ant-btn-primary">...</button>
  (Session info: chrome=87.0.4280.66)
报错了
2020-12-17 18:09:46,895 - root - INFO - 元素找不到
2020-12-17 18:09:46,990 - root - INFO - ###############################  End  ###############################
2020-12-17 18:09:47,034 - root - INFO - ############################### Login ###############################
2020-12-17 18:09:55,125 - root - INFO - 点击算法大赛中------------->
2020-12-17 18:09:58,380 - root - INFO - 点击第一个赛题中------------->
2020-12-17 18:10:00,934 - root - INFO - ###############################  End  ###############################
2020-12-17 18:10:00,984 - root - INFO - ############################### Login ###############################
2020-12-17 18:10:08,912 - root - INFO - 点击算法大赛中------------->
2020-12-17 18:10:12,091 - root - INFO - 点击报名中------------->
2020-12-17 18:10:12,172 - root - ERROR - 报 名
2020-12-17 18:10:13,369 - root - ERROR - Message: element click intercepted: Element <span>...</span> is not clickable at point (1431, 769). Other element would receive the click: <button type="button" class="ant-btn ant-btn-primary">...</button>
  (Session info: chrome=87.0.4280.66)
报错了
2020-12-17 18:10:23,452 - root - INFO - 元素找不到
2020-12-17 18:10:23,601 - root - INFO - ###############################  End  ###############################
2020-12-17 18:10:23,643 - root - INFO - ############################### Login ###############################
2020-12-17 18:10:31,675 - root - INFO - 点击算法大赛中------------->
2020-12-17 18:10:35,018 - root - INFO - 点击第一个赛题中------------->
2020-12-17 18:10:35,570 - root - INFO - ###############################  End  ###############################
2020-12-17 18:10:35,642 - root - INFO - ############################### Login ###############################
2020-12-17 18:10:43,556 - root - INFO - 点击算法大赛中------------->
2020-12-17 18:10:46,880 - root - INFO - 点击报名中------------->
2020-12-17 18:10:46,974 - root - ERROR - 报名截止
2020-12-17 18:10:46,975 - root - INFO - 无法报名--，报名已截至，请切换项目
2020-12-17 18:10:47,220 - root - INFO - ###############################  End  ###############################
2020-12-17 18:10:47,222 - root - INFO - ############################### START ###############################
2020-12-17 18:10:50,321 - root - INFO - ###############################  End  ###############################
2020-12-17 19:07:48,804 - root - INFO - ############################### START ###############################
2020-12-17 19:07:52,156 - root - INFO - ###############################  End  ###############################
2020-12-17 19:07:52,197 - root - INFO - ############################### Login ###############################
2020-12-17 19:08:02,474 - root - INFO - 点击算法大赛中------------->
2020-12-17 19:08:05,749 - root - INFO - 点击第一个赛题中------------->
2020-12-17 19:08:08,255 - root - INFO - ###############################  End  ###############################
2020-12-17 19:08:08,459 - root - INFO - ############################### Login ###############################
2020-12-17 19:08:18,349 - root - INFO - 点击算法大赛中------------->
2020-12-17 19:08:21,794 - root - INFO - 点击报名中------------->
2020-12-17 19:08:21,968 - root - ERROR - 报名截止
2020-12-17 19:08:21,970 - root - INFO - 无法报名--，报名已截至，请切换项目
2020-12-17 19:08:22,152 - root - INFO - ###############################  End  ###############################
2020-12-17 19:08:22,174 - root - INFO - ############################### Login ###############################
2020-12-17 19:08:31,098 - root - INFO - 点击算法大赛中------------->
2020-12-17 19:08:34,349 - root - INFO - 点击第一个赛题中------------->
2020-12-17 19:08:35,043 - root - INFO - ###############################  End  ###############################
2020-12-17 19:08:35,089 - root - INFO - ############################### Login ###############################
2020-12-17 19:08:42,282 - root - INFO - 点击算法大赛中------------->
2020-12-17 19:08:45,520 - root - INFO - 点击报名中------------->
2020-12-17 19:08:45,721 - root - ERROR - 报 名
2020-12-17 19:08:46,901 - root - ERROR - Message: element click intercepted: Element <span>...</span> is not clickable at point (1431, 758). Other element would receive the click: <button type="button" class="ant-btn ant-btn-primary">...</button>
  (Session info: chrome=87.0.4280.66)
报错了
2020-12-17 19:08:57,010 - root - INFO - 元素找不到
2020-12-17 19:08:57,090 - root - INFO - ###############################  End  ###############################
2020-12-17 19:08:57,273 - root - INFO - ############################### Login ###############################
2020-12-17 19:09:21,154 - root - INFO - 点击算法大赛中------------->
2020-12-17 19:09:24,413 - root - INFO - 点击第一个赛题中------------->
2020-12-17 19:09:35,247 - root - INFO - ###############################  End  ###############################
2020-12-17 19:09:35,337 - root - INFO - ############################### Login ###############################
2020-12-17 19:09:45,075 - root - INFO - 点击算法大赛中------------->
2020-12-17 19:09:48,476 - root - INFO - 点击报名中------------->
2020-12-17 19:09:48,539 - root - ERROR - 报 名
2020-12-17 19:09:49,767 - root - ERROR - Message: element click intercepted: Element <span>...</span> is not clickable at point (1431, 769). Other element would receive the click: <button type="button" class="ant-btn ant-btn-primary">...</button>
  (Session info: chrome=87.0.4280.66)
报错了
2020-12-17 19:09:59,984 - root - INFO - 元素找不到
2020-12-17 19:10:00,178 - root - INFO - ###############################  End  ###############################
2020-12-17 19:10:00,214 - root - INFO - ############################### Login ###############################
2020-12-17 19:10:09,656 - root - INFO - 点击算法大赛中------------->
2020-12-17 19:10:12,917 - root - INFO - 点击第一个赛题中------------->
2020-12-17 19:10:13,621 - root - INFO - ###############################  End  ###############################
2020-12-17 19:10:13,639 - root - INFO - ############################### Login ###############################
2020-12-17 19:10:23,350 - root - INFO - 点击算法大赛中------------->
2020-12-17 19:10:26,659 - root - INFO - 点击报名中------------->
2020-12-17 19:10:26,958 - root - ERROR - 报 名
2020-12-17 19:10:28,569 - root - ERROR - Message: element click intercepted: Element <span>...</span> is not clickable at point (1431, 769). Other element would receive the click: <button type="button" class="ant-btn ant-btn-primary">...</button>
  (Session info: chrome=87.0.4280.66)
报错了
2020-12-17 19:10:38,724 - root - INFO - 元素找不到
2020-12-17 19:10:40,011 - root - INFO - ###############################  End  ###############################
2020-12-17 19:10:40,036 - root - INFO - ############################### Login ###############################
2020-12-17 19:10:51,915 - root - INFO - 点击算法大赛中------------->
2020-12-17 19:10:55,506 - root - INFO - 点击第一个赛题中------------->
2020-12-17 19:10:57,037 - root - INFO - ###############################  End  ###############################
2020-12-17 19:10:57,085 - root - INFO - ############################### Login ###############################
2020-12-17 19:11:06,844 - root - INFO - 点击算法大赛中------------->
2020-12-17 19:11:10,115 - root - INFO - 点击报名中------------->
2020-12-17 19:11:10,612 - root - ERROR - 报名截止
2020-12-17 19:11:10,612 - root - INFO - 无法报名--，报名已截至，请切换项目
2020-12-17 19:11:10,791 - root - INFO - ###############################  End  ###############################
2020-12-17 19:11:10,811 - root - INFO - ############################### START ###############################
2020-12-17 19:11:14,096 - root - INFO - ###############################  End  ###############################
