2020-12-16 10:10:43,472 - root - INFO - ############################### START ###############################
2020-12-16 10:10:46,066 - root - INFO - 打开首页中------------->
2020-12-16 10:10:48,923 - root - INFO - ###############################  End  ###############################
2020-12-16 10:10:48,925 - root - INFO - ############################### START ###############################
2020-12-16 10:10:51,335 - root - INFO - 打开首页中------------->
2020-12-16 10:10:54,053 - root - INFO - 点击登陆中------------->
2020-12-16 10:10:54,255 - root - INFO - ###############################  End  ###############################
2020-12-16 10:10:54,257 - root - INFO - ############################### START ###############################
2020-12-16 10:10:56,332 - root - INFO - 打开首页中------------->
2020-12-16 10:10:58,560 - root - INFO - 点击注册中------------->
2020-12-16 10:10:58,734 - root - INFO - ###############################  End  ###############################
2020-12-16 10:10:58,735 - root - INFO - ############################### START ###############################
2020-12-16 10:11:00,821 - root - INFO - 打开首页中------------->
2020-12-16 10:11:03,095 - root - INFO - 点击登陆中------------->
2020-12-16 10:11:03,293 - root - INFO - ###############################  End  ###############################
2020-12-16 10:11:03,294 - root - INFO - ############################### START ###############################
2020-12-16 10:11:05,393 - root - INFO - 打开首页中------------->
2020-12-16 10:11:52,105 - root - INFO - 点击注册中------------->
2020-12-16 10:11:52,286 - root - INFO - ###############################  End  ###############################
2020-12-16 10:11:52,287 - root - INFO - ############################### START ###############################
2020-12-16 10:11:54,722 - root - INFO - 打开首页中------------->
2020-12-16 10:11:56,919 - root - INFO - 点击注册中------------->
2020-12-16 10:11:57,142 - root - INFO - ###############################  End  ###############################
2020-12-16 10:11:57,143 - root - INFO - ############################### START ###############################
2020-12-16 10:11:59,576 - root - INFO - 打开首页中------------->
2020-12-16 10:12:01,834 - root - INFO - 点击图片1中------------->
2020-12-16 10:12:02,034 - root - INFO - ###############################  End  ###############################
2020-12-16 10:12:02,035 - root - INFO - ############################### START ###############################
2020-12-16 10:12:04,320 - root - INFO - 打开首页中------------->
2020-12-16 10:12:05,929 - root - INFO - 点击图片2中------------->
2020-12-16 10:12:16,115 - root - INFO - ###############################  End  ###############################
2020-12-16 10:12:16,116 - root - INFO - ############################### START ###############################
2020-12-16 10:12:18,537 - root - INFO - 打开首页中------------->
2020-12-16 10:12:20,178 - root - INFO - 点击图片3中------------->
2020-12-16 10:12:30,372 - root - INFO - ###############################  End  ###############################
2020-12-16 10:12:30,388 - root - INFO - ############################### Login ###############################
2020-12-16 10:12:36,889 - root - INFO - 点击算法大赛中------------->
2020-12-16 10:12:40,085 - root - INFO - ###############################  End  ###############################
2020-12-16 10:12:40,086 - root - INFO - ############################### START ###############################
2020-12-16 10:12:42,509 - root - INFO - 打开南邮登录页中------------->
2020-12-16 10:12:43,761 - root - INFO - 输入账号密码中------------->
2020-12-16 10:12:44,335 - root - INFO - ###############################  End  ###############################
2020-12-16 10:12:44,335 - root - INFO - ############################### START ###############################
2020-12-16 10:12:46,674 - root - INFO - ###############################  End  ###############################
2020-12-16 10:12:46,718 - root - INFO - ############################### Login ###############################
2020-12-16 10:12:53,585 - root - INFO - 点击算法大赛中------------->
2020-12-16 10:12:56,814 - root - INFO - ###############################  End  ###############################
2020-12-16 10:12:56,837 - root - INFO - ############################### Login ###############################
2020-12-16 10:13:03,417 - root - INFO - 点击算法大赛中------------->
2020-12-16 10:13:06,563 - root - INFO - 点击行人重识别中------------->
2020-12-16 10:13:06,668 - root - INFO - ###############################  End  ###############################
2020-12-16 10:13:06,693 - root - INFO - ############################### Login ###############################
2020-12-16 10:13:13,272 - root - INFO - 点击算法大赛中------------->
2020-12-16 10:13:16,426 - root - INFO - 点击第一个赛题中------------->
2020-12-16 10:13:16,502 - root - INFO - ###############################  End  ###############################
2020-12-16 10:13:16,537 - root - INFO - ############################### Login ###############################
2020-12-16 10:13:22,302 - root - INFO - 点击算法大赛中------------->
2020-12-16 10:13:25,450 - root - INFO - 点击报名中------------->
2020-12-16 10:13:25,521 - root - INFO - ###############################  End  ###############################
2020-12-16 10:13:25,546 - root - INFO - ############################### Login ###############################
2020-12-16 10:13:32,397 - root - INFO - 点击算法大赛中------------->
2020-12-16 10:13:35,502 - root - INFO - 点击下一页中------------->
2020-12-16 10:13:35,574 - root - INFO - ###############################  End  ###############################
2020-12-16 10:20:25,504 - root - INFO - ############################### START ###############################
2020-12-16 10:20:27,931 - root - INFO - 打开首页中------------->
2020-12-16 10:21:03,457 - root - INFO - ###############################  End  ###############################
2020-12-16 10:21:03,457 - root - INFO - ############################### START ###############################
2020-12-16 10:21:05,898 - root - INFO - 打开首页中------------->
2020-12-16 10:21:51,677 - root - INFO - 点击登陆中------------->
2020-12-16 10:21:52,882 - root - INFO - ###############################  End  ###############################
2020-12-16 10:21:52,884 - root - INFO - ############################### START ###############################
2020-12-16 10:21:55,304 - root - INFO - 打开首页中------------->
2020-12-16 10:22:25,821 - root - INFO - 点击注册中------------->
2020-12-16 10:22:35,996 - root - INFO - ###############################  End  ###############################
2020-12-16 10:22:35,997 - root - INFO - ############################### START ###############################
2020-12-16 10:22:38,515 - root - INFO - 打开首页中------------->
2020-12-16 10:22:58,771 - root - INFO - 点击登陆中------------->
2020-12-16 10:23:08,961 - root - INFO - ###############################  End  ###############################
2020-12-16 10:23:08,963 - root - INFO - ############################### START ###############################
2020-12-16 10:23:11,345 - root - INFO - 打开首页中------------->
2020-12-16 10:23:16,310 - root - INFO - 点击注册中------------->
2020-12-16 10:23:16,466 - root - INFO - ###############################  End  ###############################
2020-12-16 10:23:16,467 - root - INFO - ############################### START ###############################
2020-12-16 10:23:18,849 - root - INFO - 打开首页中------------->
2020-12-16 10:23:22,169 - root - INFO - 点击注册中------------->
2020-12-16 10:23:22,415 - root - INFO - ###############################  End  ###############################
2020-12-16 10:23:22,416 - root - INFO - ############################### START ###############################
2020-12-16 10:23:24,914 - root - INFO - 打开首页中------------->
2020-12-16 10:23:27,361 - root - INFO - 点击图片1中------------->
2020-12-16 10:23:27,629 - root - INFO - ###############################  End  ###############################
2020-12-16 10:23:27,629 - root - INFO - ############################### START ###############################
2020-12-16 10:23:29,850 - root - INFO - 打开首页中------------->
2020-12-16 10:23:31,502 - root - INFO - 点击图片2中------------->
2020-12-16 10:23:41,654 - root - INFO - ###############################  End  ###############################
2020-12-16 10:23:41,656 - root - INFO - ############################### START ###############################
2020-12-16 10:23:44,075 - root - INFO - 打开首页中------------->
2020-12-16 10:23:45,640 - root - INFO - 点击图片3中------------->
2020-12-16 10:23:55,801 - root - INFO - ###############################  End  ###############################
2020-12-16 10:40:00,172 - root - INFO - ############################### START ###############################
2020-12-16 10:40:02,592 - root - INFO - 打开首页中------------->
2020-12-16 10:40:04,341 - root - INFO - ###############################  End  ###############################
2020-12-16 10:40:04,341 - root - INFO - ############################### START ###############################
2020-12-16 10:40:06,682 - root - INFO - 打开首页中------------->
2020-12-16 10:40:09,031 - root - INFO - 点击登陆中------------->
2020-12-16 10:40:11,228 - root - INFO - ###############################  End  ###############################
2020-12-16 10:40:11,233 - root - INFO - ############################### START ###############################
2020-12-16 10:40:13,694 - root - INFO - 打开首页中------------->
2020-12-16 10:40:15,441 - root - INFO - 点击注册中------------->
2020-12-16 10:40:17,675 - root - INFO - ###############################  End  ###############################
2020-12-16 10:40:17,675 - root - INFO - ############################### START ###############################
2020-12-16 10:40:20,072 - root - INFO - 打开首页中------------->
2020-12-16 10:40:21,660 - root - INFO - 点击登陆中------------->
2020-12-16 10:40:23,901 - root - INFO - ###############################  End  ###############################
2020-12-16 10:40:23,902 - root - INFO - ############################### START ###############################
2020-12-16 10:40:26,399 - root - INFO - 打开首页中------------->
2020-12-16 10:40:28,756 - root - INFO - 点击注册中------------->
2020-12-16 10:40:30,963 - root - INFO - ###############################  End  ###############################
2020-12-16 10:40:30,963 - root - INFO - ############################### START ###############################
2020-12-16 10:40:33,350 - root - INFO - 打开首页中------------->
2020-12-16 10:40:34,904 - root - INFO - 点击注册中------------->
2020-12-16 10:40:37,159 - root - INFO - ###############################  End  ###############################
2020-12-16 10:40:37,160 - root - INFO - ############################### START ###############################
2020-12-16 10:40:39,470 - root - INFO - 打开首页中------------->
2020-12-16 10:40:41,150 - root - INFO - 点击图片1中------------->
2020-12-16 10:40:44,343 - root - INFO - ###############################  End  ###############################
2020-12-16 10:40:44,344 - root - INFO - ############################### START ###############################
2020-12-16 10:40:46,692 - root - INFO - 打开首页中------------->
2020-12-16 10:40:48,236 - root - INFO - 点击图片2中------------->
2020-12-16 10:40:58,462 - root - INFO - ###############################  End  ###############################
2020-12-16 10:40:58,465 - root - INFO - ############################### START ###############################
2020-12-16 10:41:00,712 - root - INFO - 打开首页中------------->
2020-12-16 10:41:02,254 - root - INFO - 点击图片3中------------->
2020-12-16 10:41:12,450 - root - INFO - ###############################  End  ###############################
2020-12-16 10:54:15,171 - root - INFO - ############################### START ###############################
2020-12-16 10:54:17,546 - root - INFO - 打开首页中------------->
2020-12-16 10:54:20,079 - root - INFO - ###############################  End  ###############################
2020-12-16 10:54:20,080 - root - INFO - ############################### START ###############################
2020-12-16 10:54:22,439 - root - INFO - 打开首页中------------->
2020-12-16 10:54:24,944 - root - INFO - 点击登陆中------------->
2020-12-16 10:54:27,148 - root - INFO - ###############################  End  ###############################
2020-12-16 10:54:27,148 - root - INFO - ############################### START ###############################
2020-12-16 10:54:29,480 - root - INFO - 打开首页中------------->
2020-12-16 10:54:31,064 - root - INFO - 点击注册中------------->
2020-12-16 10:54:33,281 - root - INFO - ###############################  End  ###############################
2020-12-16 10:54:33,286 - root - INFO - ############################### START ###############################
2020-12-16 10:54:35,756 - root - INFO - 打开首页中------------->
2020-12-16 10:54:37,271 - root - INFO - 点击登陆中------------->
2020-12-16 10:54:40,493 - root - INFO - ###############################  End  ###############################
2020-12-16 10:54:40,494 - root - INFO - ############################### START ###############################
2020-12-16 10:54:42,854 - root - INFO - 打开首页中------------->
2020-12-16 10:54:45,295 - root - INFO - 点击注册中------------->
2020-12-16 10:54:47,511 - root - INFO - ###############################  End  ###############################
2020-12-16 10:54:47,512 - root - INFO - ############################### START ###############################
2020-12-16 10:54:49,839 - root - INFO - 打开首页中------------->
2020-12-16 10:54:51,558 - root - INFO - 点击注册中------------->
2020-12-16 10:54:53,821 - root - INFO - ###############################  End  ###############################
2020-12-16 10:54:53,821 - root - INFO - ############################### START ###############################
2020-12-16 10:54:56,246 - root - INFO - 打开首页中------------->
2020-12-16 10:54:57,435 - root - INFO - 点击图片1中------------->
2020-12-16 10:54:58,772 - root - INFO - ###############################  End  ###############################
2020-12-16 10:54:58,774 - root - INFO - ############################### START ###############################
2020-12-16 10:55:01,247 - root - INFO - 打开首页中------------->
2020-12-16 10:55:02,879 - root - INFO - 点击图片2中------------->
2020-12-16 10:55:13,066 - root - INFO - ###############################  End  ###############################
2020-12-16 10:55:13,067 - root - INFO - ############################### START ###############################
2020-12-16 10:55:15,790 - root - INFO - 打开首页中------------->
2020-12-16 10:55:17,417 - root - INFO - 点击图片3中------------->
2020-12-16 10:55:27,572 - root - INFO - ###############################  End  ###############################
2020-12-16 11:06:36,643 - root - INFO - ############################### START ###############################
2020-12-16 11:06:39,032 - root - INFO - 打开首页中------------->
2020-12-16 11:06:40,853 - root - INFO - ###############################  End  ###############################
2020-12-16 11:06:40,855 - root - INFO - ############################### START ###############################
2020-12-16 11:06:42,964 - root - INFO - 打开首页中------------->
2020-12-16 11:06:44,559 - root - INFO - 点击登陆中------------->
2020-12-16 11:06:46,737 - root - INFO - ###############################  End  ###############################
2020-12-16 11:06:46,742 - root - INFO - ############################### START ###############################
2020-12-16 11:06:48,870 - root - INFO - 打开首页中------------->
2020-12-16 11:06:50,396 - root - INFO - 点击注册中------------->
2020-12-16 11:06:52,626 - root - INFO - ###############################  End  ###############################
2020-12-16 11:06:52,627 - root - INFO - ############################### START ###############################
2020-12-16 11:06:54,690 - root - INFO - 打开首页中------------->
2020-12-16 11:06:56,236 - root - INFO - 点击登陆中------------->
2020-12-16 11:06:58,422 - root - INFO - ###############################  End  ###############################
2020-12-16 11:06:58,426 - root - INFO - ############################### START ###############################
2020-12-16 11:07:00,528 - root - INFO - 打开首页中------------->
2020-12-16 11:07:02,154 - root - INFO - 点击注册中------------->
2020-12-16 11:07:04,351 - root - INFO - ###############################  End  ###############################
2020-12-16 11:07:04,352 - root - INFO - ############################### START ###############################
2020-12-16 11:07:06,887 - root - INFO - 打开首页中------------->
2020-12-16 11:07:08,464 - root - INFO - 点击注册中------------->
2020-12-16 11:07:10,662 - root - INFO - ###############################  End  ###############################
2020-12-16 11:07:10,663 - root - INFO - ############################### START ###############################
2020-12-16 11:07:12,657 - root - INFO - 打开首页中------------->
2020-12-16 11:07:14,256 - root - INFO - 点击图片1中------------->
2020-12-16 11:07:14,379 - root - INFO - ###############################  End  ###############################
2020-12-16 11:07:14,381 - root - INFO - ############################### START ###############################
2020-12-16 11:07:16,448 - root - INFO - 打开首页中------------->
2020-12-16 11:07:18,231 - root - INFO - 点击图片2中------------->
2020-12-16 11:07:18,330 - root - INFO - ###############################  End  ###############################
2020-12-16 11:07:18,333 - root - INFO - ############################### START ###############################
2020-12-16 11:07:20,365 - root - INFO - 打开首页中------------->
2020-12-16 11:07:21,921 - root - INFO - 点击图片3中------------->
2020-12-16 11:07:22,030 - root - INFO - ###############################  End  ###############################
2020-12-16 11:07:22,031 - root - INFO - ############################### START ###############################
2020-12-16 11:07:23,139 - root - INFO - 打开南邮登录页中------------->
2020-12-16 11:07:23,994 - root - INFO - 输入账号密码中------------->
2020-12-16 11:07:24,575 - root - INFO - ###############################  End  ###############################
2020-12-16 11:07:24,575 - root - INFO - ############################### START ###############################
2020-12-16 11:07:27,868 - root - INFO - ###############################  End  ###############################
2020-12-16 11:08:28,491 - root - INFO - ############################### START ###############################
2020-12-16 11:08:30,848 - root - INFO - 打开首页中------------->
2020-12-16 11:08:32,477 - root - INFO - ###############################  End  ###############################
2020-12-16 11:08:32,477 - root - INFO - ############################### START ###############################
2020-12-16 11:08:34,889 - root - INFO - 打开首页中------------->
2020-12-16 11:08:36,530 - root - INFO - 点击登陆中------------->
2020-12-16 11:08:38,733 - root - INFO - ###############################  End  ###############################
2020-12-16 11:08:38,734 - root - INFO - ############################### START ###############################
2020-12-16 11:08:41,079 - root - INFO - 打开首页中------------->
2020-12-16 11:08:42,665 - root - INFO - 点击注册中------------->
2020-12-16 11:08:44,871 - root - INFO - ###############################  End  ###############################
2020-12-16 11:08:44,871 - root - INFO - ############################### START ###############################
2020-12-16 11:08:47,252 - root - INFO - 打开首页中------------->
2020-12-16 11:08:48,870 - root - INFO - 点击登陆中------------->
2020-12-16 11:08:51,057 - root - INFO - ###############################  End  ###############################
2020-12-16 11:08:51,059 - root - INFO - ############################### START ###############################
2020-12-16 11:08:53,486 - root - INFO - 打开首页中------------->
2020-12-16 11:08:55,106 - root - INFO - 点击注册中------------->
2020-12-16 11:08:57,350 - root - INFO - ###############################  End  ###############################
2020-12-16 11:08:57,350 - root - INFO - ############################### START ###############################
2020-12-16 11:08:59,669 - root - INFO - 打开首页中------------->
2020-12-16 11:09:00,723 - root - INFO - 点击注册中------------->
2020-12-16 11:09:02,982 - root - INFO - ###############################  End  ###############################
2020-12-16 11:09:02,983 - root - INFO - ############################### START ###############################
2020-12-16 11:09:05,332 - root - INFO - 打开首页中------------->
2020-12-16 11:09:06,900 - root - INFO - 点击图片1中------------->
2020-12-16 11:09:09,092 - root - INFO - ###############################  End  ###############################
2020-12-16 11:09:09,092 - root - INFO - ############################### START ###############################
2020-12-16 11:09:11,492 - root - INFO - 打开首页中------------->
2020-12-16 11:09:12,992 - root - INFO - 点击图片2中------------->
2020-12-16 11:09:15,204 - root - INFO - ###############################  End  ###############################
2020-12-16 11:09:15,205 - root - INFO - ############################### START ###############################
2020-12-16 11:09:17,581 - root - INFO - 打开首页中------------->
2020-12-16 11:09:19,164 - root - INFO - 点击图片3中------------->
2020-12-16 11:09:22,358 - root - INFO - ###############################  End  ###############################
2020-12-16 11:09:22,358 - root - INFO - ############################### START ###############################
2020-12-16 11:09:24,705 - root - INFO - 打开南邮登录页中------------->
2020-12-16 11:09:25,419 - root - INFO - 输入账号密码中------------->
2020-12-16 11:09:26,032 - root - INFO - ###############################  End  ###############################
2020-12-16 11:09:26,033 - root - INFO - ############################### START ###############################
2020-12-16 11:09:28,295 - root - INFO - ###############################  End  ###############################
