2020-12-18 09:48:23,435 - root - INFO - ############################### START ###############################
2020-12-18 09:48:26,746 - root - INFO - ###############################  End  ###############################
2020-12-18 09:48:26,772 - root - INFO - ############################### Login ###############################
2020-12-18 09:48:36,326 - root - INFO - 点击算法大赛中------------->
2020-12-18 09:48:39,530 - root - INFO - 点击第一个赛题中------------->
2020-12-18 09:48:40,167 - root - INFO - ###############################  End  ###############################
2020-12-18 09:48:40,266 - root - INFO - ############################### Login ###############################
2020-12-18 09:48:50,269 - root - INFO - 点击算法大赛中------------->
2020-12-18 09:48:53,527 - root - INFO - 点击报名中------------->
2020-12-18 09:48:53,633 - root - ERROR - 报名截止
2020-12-18 09:48:53,633 - root - INFO - 无法报名--，报名已截至，请切换项目
2020-12-18 09:48:53,743 - root - INFO - ###############################  End  ###############################
2020-12-18 09:48:53,791 - root - INFO - ############################### Login ###############################
2020-12-18 09:49:01,321 - root - INFO - 点击算法大赛中------------->
2020-12-18 09:49:04,504 - root - INFO - 点击第一个赛题中------------->
2020-12-18 09:49:07,033 - root - INFO - ###############################  End  ###############################
2020-12-18 09:49:07,068 - root - INFO - ############################### Login ###############################
2020-12-18 09:49:16,164 - root - INFO - 点击算法大赛中------------->
2020-12-18 09:49:19,423 - root - INFO - 点击报名中------------->
2020-12-18 09:49:19,571 - root - ERROR - 报 名
2020-12-18 09:49:20,854 - root - ERROR - Message: element click intercepted: Element <span>...</span> is not clickable at point (1431, 758). Other element would receive the click: <button type="button" class="ant-btn ant-btn-primary">...</button>
  (Session info: chrome=87.0.4280.66)
报错了
2020-12-18 09:49:31,026 - root - INFO - 元素找不到
2020-12-18 09:49:31,133 - root - INFO - ###############################  End  ###############################
2020-12-18 09:49:31,263 - root - INFO - ############################### Login ###############################
2020-12-18 09:49:40,191 - root - INFO - 点击算法大赛中------------->
2020-12-18 09:49:43,433 - root - INFO - 点击第一个赛题中------------->
2020-12-18 09:49:46,060 - root - INFO - ###############################  End  ###############################
2020-12-18 09:49:46,120 - root - INFO - ############################### Login ###############################
2020-12-18 09:49:53,518 - root - INFO - 点击算法大赛中------------->
2020-12-18 09:49:56,729 - root - INFO - 点击报名中------------->
2020-12-18 09:49:56,872 - root - ERROR - 报 名
2020-12-18 09:49:58,088 - root - ERROR - Message: element click intercepted: Element <span>...</span> is not clickable at point (1431, 769). Other element would receive the click: <button type="button" class="ant-btn ant-btn-primary">...</button>
  (Session info: chrome=87.0.4280.66)
报错了
2020-12-18 09:50:08,196 - root - INFO - 元素找不到
2020-12-18 09:50:08,263 - root - INFO - ###############################  End  ###############################
2020-12-18 09:50:08,341 - root - INFO - ############################### Login ###############################
2020-12-18 09:50:17,264 - root - INFO - 点击算法大赛中------------->
2020-12-18 09:50:20,436 - root - INFO - 点击第一个赛题中------------->
2020-12-18 09:50:23,044 - root - INFO - ###############################  End  ###############################
2020-12-18 09:50:23,093 - root - INFO - ############################### Login ###############################
2020-12-18 09:50:32,297 - root - INFO - 点击算法大赛中------------->
2020-12-18 09:50:35,567 - root - INFO - 点击报名中------------->
2020-12-18 09:50:35,749 - root - ERROR - 报 名
2020-12-18 09:50:37,190 - root - ERROR - Message: element click intercepted: Element <span>...</span> is not clickable at point (1431, 769). Other element would receive the click: <button type="button" class="ant-btn ant-btn-primary">...</button>
  (Session info: chrome=87.0.4280.66)
报错了
2020-12-18 09:50:47,376 - root - INFO - 元素找不到
2020-12-18 09:50:47,503 - root - INFO - ###############################  End  ###############################
2020-12-18 09:50:47,559 - root - INFO - ############################### Login ###############################
2020-12-18 09:50:57,370 - root - INFO - 点击算法大赛中------------->
2020-12-18 09:51:00,961 - root - INFO - 点击第一个赛题中------------->
2020-12-18 09:51:01,837 - root - INFO - ###############################  End  ###############################
2020-12-18 09:51:01,917 - root - INFO - ############################### Login ###############################
2020-12-18 09:51:11,070 - root - INFO - 点击算法大赛中------------->
2020-12-18 09:51:14,807 - root - INFO - 点击报名中------------->
2020-12-18 09:51:14,963 - root - ERROR - 报名截止
2020-12-18 09:51:14,965 - root - INFO - 无法报名--，报名已截至，请切换项目
2020-12-18 09:51:15,081 - root - INFO - ###############################  End  ###############################
2020-12-18 09:51:15,124 - root - INFO - ############################### START ###############################
2020-12-18 09:51:18,627 - root - INFO - ###############################  End  ###############################
2020-12-18 09:56:12,414 - root - INFO - ############################### START ###############################
2020-12-18 09:56:16,483 - root - INFO - ###############################  End  ###############################
2020-12-18 09:56:16,609 - root - INFO - ############################### Login ###############################
2020-12-18 09:56:29,480 - root - INFO - 点击算法大赛中------------->
2020-12-18 09:56:32,841 - root - INFO - 点击第一个赛题中------------->
2020-12-18 09:56:36,568 - root - INFO - ###############################  End  ###############################
2020-12-18 09:56:36,612 - root - INFO - ############################### Login ###############################
2020-12-18 09:56:50,348 - root - INFO - 点击算法大赛中------------->
2020-12-18 09:56:52,302 - root - INFO - 点击报名中------------->
2020-12-18 09:56:52,684 - root - INFO - ###############################  End  ###############################
2020-12-18 09:56:52,876 - root - INFO - ############################### Login ###############################
2020-12-18 09:57:07,878 - root - INFO - 点击算法大赛中------------->
2020-12-18 09:57:11,275 - root - INFO - 点击第一个赛题中------------->
2020-12-18 09:57:12,340 - root - INFO - ###############################  End  ###############################
2020-12-18 09:57:12,368 - root - INFO - ############################### Login ###############################
2020-12-18 09:57:25,460 - root - INFO - 点击算法大赛中------------->
2020-12-18 09:57:28,862 - root - INFO - 点击报名中------------->
2020-12-18 09:57:29,036 - root - INFO - ###############################  End  ###############################
2020-12-18 09:57:29,108 - root - INFO - ############################### Login ###############################
2020-12-18 09:57:39,994 - root - INFO - 点击算法大赛中------------->
2020-12-18 09:57:43,348 - root - INFO - 点击第一个赛题中------------->
2020-12-18 09:57:44,713 - root - INFO - ###############################  End  ###############################
2020-12-18 09:57:44,774 - root - INFO - ############################### Login ###############################
2020-12-18 09:57:56,616 - root - INFO - 点击算法大赛中------------->
2020-12-18 09:58:00,210 - root - INFO - 点击报名中------------->
2020-12-18 09:58:00,511 - root - INFO - ###############################  End  ###############################
2020-12-18 09:58:00,546 - root - INFO - ############################### Login ###############################
2020-12-18 09:58:11,281 - root - INFO - 点击算法大赛中------------->
2020-12-18 09:58:13,079 - root - INFO - 点击第一个赛题中------------->
2020-12-18 09:58:17,607 - root - INFO - ###############################  End  ###############################
2020-12-18 09:58:17,678 - root - INFO - ############################### Login ###############################
2020-12-18 09:58:27,980 - root - INFO - 点击算法大赛中------------->
2020-12-18 09:58:31,602 - root - INFO - 点击报名中------------->
2020-12-18 09:58:31,728 - root - INFO - ###############################  End  ###############################
2020-12-18 09:58:31,783 - root - INFO - ############################### Login ###############################
2020-12-18 09:58:43,992 - root - INFO - 点击算法大赛中------------->
2020-12-18 09:58:47,482 - root - INFO - 点击第一个赛题中------------->
2020-12-18 09:58:50,496 - root - INFO - ###############################  End  ###############################
2020-12-18 09:58:50,594 - root - INFO - ############################### Login ###############################
2020-12-18 09:59:02,811 - root - INFO - 点击算法大赛中------------->
2020-12-18 09:59:06,257 - root - INFO - 点击报名中------------->
2020-12-18 09:59:06,568 - root - INFO - ###############################  End  ###############################
2020-12-18 09:59:06,570 - root - INFO - ############################### START ###############################
2020-12-18 09:59:10,363 - root - INFO - ###############################  End  ###############################
2020-12-18 10:01:49,652 - root - INFO - ############################### START ###############################
2020-12-18 10:01:53,038 - root - INFO - ###############################  End  ###############################
2020-12-18 10:01:53,058 - root - INFO - ############################### Login ###############################
2020-12-18 10:02:01,054 - root - INFO - 点击算法大赛中------------->
2020-12-18 10:02:04,217 - root - INFO - 点击第一个赛题中------------->
2020-12-18 10:02:05,781 - root - INFO - ###############################  End  ###############################
2020-12-18 10:02:05,812 - root - INFO - ############################### Login ###############################
2020-12-18 10:02:16,047 - root - INFO - 点击算法大赛中------------->
2020-12-18 10:02:19,273 - root - INFO - 点击报名中------------->
2020-12-18 10:02:19,382 - root - ERROR - 报名截止
2020-12-18 10:02:19,387 - root - INFO - 无法报名--，报名已截至，请切换项目
2020-12-18 10:02:19,473 - root - INFO - ###############################  End  ###############################
2020-12-18 10:02:19,544 - root - INFO - ############################### Login ###############################
2020-12-18 10:02:28,908 - root - INFO - 点击算法大赛中------------->
2020-12-18 10:02:32,373 - root - INFO - 点击第一个赛题中------------->
2020-12-18 10:02:35,160 - root - INFO - ###############################  End  ###############################
2020-12-18 10:02:35,206 - root - INFO - ############################### Login ###############################
2020-12-18 10:02:45,418 - root - INFO - 点击算法大赛中------------->
2020-12-18 10:02:48,880 - root - INFO - 点击报名中------------->
2020-12-18 10:02:49,080 - root - ERROR - 报 名
2020-12-18 10:02:50,166 - root - ERROR - Message: no such element: Unable to locate element: {"method":"xpath","selector":"./ancestor-or-self::form"}
  (Session info: chrome=87.0.4280.66)
报错了
2020-12-18 10:03:00,425 - root - INFO - 元素找不到
2020-12-18 10:03:00,636 - root - INFO - ###############################  End  ###############################
2020-12-18 10:03:00,677 - root - INFO - ############################### Login ###############################
2020-12-18 10:03:11,522 - root - INFO - 点击算法大赛中------------->
2020-12-18 10:03:15,230 - root - INFO - 点击第一个赛题中------------->
2020-12-18 10:03:16,188 - root - INFO - ###############################  End  ###############################
2020-12-18 10:03:16,254 - root - INFO - ############################### Login ###############################
2020-12-18 10:03:25,404 - root - INFO - 点击算法大赛中------------->
2020-12-18 10:03:28,680 - root - INFO - 点击报名中------------->
2020-12-18 10:03:28,883 - root - ERROR - 报 名
2020-12-18 10:03:30,008 - root - ERROR - Message: no such element: Unable to locate element: {"method":"xpath","selector":"./ancestor-or-self::form"}
  (Session info: chrome=87.0.4280.66)
报错了
2020-12-18 10:03:40,275 - root - INFO - 元素找不到
2020-12-18 10:03:40,421 - root - INFO - ###############################  End  ###############################
2020-12-18 10:03:40,453 - root - INFO - ############################### Login ###############################
2020-12-18 10:03:49,522 - root - INFO - 点击算法大赛中------------->
2020-12-18 10:03:52,846 - root - INFO - 点击第一个赛题中------------->
2020-12-18 10:03:55,602 - root - INFO - ###############################  End  ###############################
2020-12-18 10:03:55,683 - root - INFO - ############################### Login ###############################
2020-12-18 10:04:04,659 - root - INFO - 点击算法大赛中------------->
2020-12-18 10:04:08,185 - root - INFO - 点击报名中------------->
2020-12-18 10:04:08,286 - root - ERROR - 报 名
2020-12-18 10:04:09,090 - root - ERROR - Message: no such element: Unable to locate element: {"method":"xpath","selector":"./ancestor-or-self::form"}
  (Session info: chrome=87.0.4280.66)
报错了
2020-12-18 10:04:19,258 - root - INFO - 元素找不到
2020-12-18 10:04:19,434 - root - INFO - ###############################  End  ###############################
2020-12-18 10:04:19,478 - root - INFO - ############################### Login ###############################
2020-12-18 10:04:28,806 - root - INFO - 点击算法大赛中------------->
2020-12-18 10:04:32,080 - root - INFO - 点击第一个赛题中------------->
2020-12-18 10:04:35,226 - root - INFO - ###############################  End  ###############################
2020-12-18 10:04:35,256 - root - INFO - ############################### Login ###############################
2020-12-18 10:04:49,385 - root - INFO - 点击算法大赛中------------->
2020-12-18 10:04:52,777 - root - INFO - 点击报名中------------->
2020-12-18 10:04:53,535 - root - INFO - ###############################  End  ###############################
2020-12-18 10:04:53,537 - root - INFO - ############################### START ###############################
2020-12-18 10:04:56,875 - root - INFO - ###############################  End  ###############################
2020-12-18 10:13:20,445 - root - INFO - ############################### START ###############################
2020-12-18 10:13:22,736 - root - INFO - ###############################  End  ###############################
2020-12-18 10:13:22,786 - root - INFO - ############################### Login ###############################
2020-12-18 10:13:32,091 - root - INFO - 点击算法大赛中------------->
2020-12-18 10:13:35,338 - root - INFO - 点击第一个赛题中------------->
2020-12-18 10:13:37,282 - root - INFO - ###############################  End  ###############################
2020-12-18 10:13:37,302 - root - INFO - ############################### Login ###############################
2020-12-18 10:13:47,344 - root - INFO - 点击算法大赛中------------->
2020-12-18 10:13:50,675 - root - INFO - 点击报名中------------->
2020-12-18 10:13:50,801 - root - ERROR - 报名截止
2020-12-18 10:13:50,802 - root - INFO - 无法报名--，报名已截至，请切换项目
2020-12-18 10:13:51,933 - root - INFO - ###############################  End  ###############################
2020-12-18 10:13:51,960 - root - INFO - ############################### Login ###############################
2020-12-18 10:14:02,360 - root - INFO - 点击算法大赛中------------->
2020-12-18 10:14:06,270 - root - INFO - 点击第一个赛题中------------->
2020-12-18 10:14:07,241 - root - INFO - ###############################  End  ###############################
2020-12-18 10:14:07,307 - root - INFO - ############################### Login ###############################
2020-12-18 10:14:15,565 - root - INFO - 点击算法大赛中------------->
2020-12-18 10:14:18,842 - root - INFO - 点击报名中------------->
2020-12-18 10:14:19,157 - root - ERROR - 报 名
2020-12-18 10:14:29,848 - root - ERROR - Message: no such element: Unable to locate element: {"method":"xpath","selector":"./ancestor-or-self::form"}
  (Session info: chrome=87.0.4280.66)
报错了
2020-12-18 10:14:39,986 - root - INFO - 元素找不到
2020-12-18 10:14:40,104 - root - INFO - ###############################  End  ###############################
2020-12-18 10:14:40,174 - root - INFO - ############################### Login ###############################
2020-12-18 10:14:49,420 - root - INFO - 点击算法大赛中------------->
2020-12-18 10:15:25,308 - root - INFO - ############################### START ###############################
2020-12-18 10:15:28,564 - root - INFO - ###############################  End  ###############################
2020-12-18 10:15:28,582 - root - INFO - ############################### Login ###############################
2020-12-18 10:15:39,349 - root - INFO - 点击算法大赛中------------->
2020-12-18 10:15:41,209 - root - INFO - 点击第一个赛题中------------->
2020-12-18 10:15:42,370 - root - INFO - ###############################  End  ###############################
2020-12-18 10:15:42,425 - root - INFO - ############################### Login ###############################
2020-12-18 10:15:53,356 - root - INFO - 点击算法大赛中------------->
2020-12-18 10:15:56,945 - root - INFO - 点击报名中------------->
2020-12-18 10:15:57,366 - root - ERROR - 报名截止
2020-12-18 10:15:57,367 - root - INFO - 无法报名--，报名已截至，请切换项目
2020-12-18 10:15:57,483 - root - INFO - ###############################  End  ###############################
2020-12-18 10:15:57,541 - root - INFO - ############################### Login ###############################
2020-12-18 10:16:07,843 - root - INFO - 点击算法大赛中------------->
2020-12-18 10:16:11,498 - root - INFO - 点击第一个赛题中------------->
2020-12-18 10:16:13,320 - root - INFO - ###############################  End  ###############################
2020-12-18 10:16:13,340 - root - INFO - ############################### Login ###############################
2020-12-18 10:16:22,116 - root - INFO - 点击算法大赛中------------->
2020-12-18 10:16:25,964 - root - INFO - 点击报名中------------->
2020-12-18 10:16:26,373 - root - ERROR - 报 名
2020-12-18 10:16:38,022 - root - ERROR - Message: element click intercepted: Element <span>...</span> is not clickable at point (1135, 454). Other element would receive the click: <button type="button" class="ant-btn ant-btn-primary">...</button>
  (Session info: chrome=87.0.4280.66)
报错了
2020-12-18 10:16:48,166 - root - INFO - 元素找不到
2020-12-18 10:16:48,310 - root - INFO - ###############################  End  ###############################
2020-12-18 10:16:48,373 - root - INFO - ############################### Login ###############################
2020-12-18 10:16:59,825 - root - INFO - 点击算法大赛中------------->
2020-12-18 10:17:01,537 - root - INFO - 点击第一个赛题中------------->
2020-12-18 10:17:04,980 - root - INFO - ###############################  End  ###############################
2020-12-18 10:17:05,002 - root - INFO - ############################### Login ###############################
2020-12-18 10:17:18,432 - root - INFO - 点击算法大赛中------------->
2020-12-18 10:17:21,694 - root - INFO - 点击报名中------------->
2020-12-18 10:17:22,214 - root - ERROR - 
2020-12-18 10:17:22,217 - root - INFO - 无法报名--，报名已截至，请切换项目
2020-12-18 10:17:22,499 - root - INFO - ###############################  End  ###############################
2020-12-18 10:17:22,608 - root - INFO - ############################### Login ###############################
2020-12-18 10:17:31,089 - root - INFO - 点击算法大赛中------------->
2020-12-18 10:17:34,311 - root - INFO - 点击第一个赛题中------------->
2020-12-18 10:17:36,372 - root - INFO - ###############################  End  ###############################
2020-12-18 10:17:36,410 - root - INFO - ############################### Login ###############################
2020-12-18 10:17:44,734 - root - INFO - 点击算法大赛中------------->
2020-12-18 10:19:26,399 - root - INFO - ############################### START ###############################
2020-12-18 10:19:30,603 - root - INFO - ###############################  End  ###############################
2020-12-18 10:19:30,689 - root - INFO - ############################### Login ###############################
2020-12-18 10:19:38,834 - root - INFO - 点击算法大赛中------------->
2020-12-18 10:19:42,033 - root - INFO - 点击第一个赛题中------------->
2020-12-18 10:19:42,773 - root - INFO - ###############################  End  ###############################
2020-12-18 10:19:42,843 - root - INFO - ############################### Login ###############################
2020-12-18 10:19:51,444 - root - INFO - 点击算法大赛中------------->
2020-12-18 10:19:54,662 - root - INFO - 点击报名中------------->
2020-12-18 10:19:54,783 - root - ERROR - 报名截止
2020-12-18 10:19:54,783 - root - INFO - 无法报名--，报名已截至，请切换项目
2020-12-18 10:19:55,023 - root - INFO - ###############################  End  ###############################
2020-12-18 10:19:55,060 - root - INFO - ############################### Login ###############################
2020-12-18 10:20:04,447 - root - INFO - 点击算法大赛中------------->
2020-12-18 10:20:07,647 - root - INFO - 点击第一个赛题中------------->
2020-12-18 10:20:10,383 - root - INFO - ###############################  End  ###############################
2020-12-18 10:20:10,470 - root - INFO - ############################### Login ###############################
2020-12-18 10:20:19,183 - root - INFO - 点击算法大赛中------------->
2020-12-18 10:20:22,446 - root - INFO - 点击报名中------------->
2020-12-18 10:20:22,545 - root - ERROR - 报 名
2020-12-18 10:20:32,977 - root - ERROR - xpath->//span[text()="提 交"]
2020-12-18 10:20:34,232 - root - ERROR - Message: element click intercepted: Element <span>...</span> is not clickable at point (1135, 454). Other element would receive the click: <button type="button" class="ant-btn ant-btn-primary">...</button>
  (Session info: chrome=87.0.4280.66)
报错了
2020-12-18 10:20:44,334 - root - INFO - 元素找不到
2020-12-18 10:20:44,430 - root - INFO - ###############################  End  ###############################
2020-12-18 10:20:44,542 - root - INFO - ############################### Login ###############################
2020-12-18 11:28:18,271 - root - INFO - ############################### START ###############################
2020-12-18 11:28:21,260 - root - INFO - ###############################  End  ###############################
2020-12-18 11:28:21,299 - root - INFO - ############################### Login ###############################
2020-12-18 11:28:29,561 - root - INFO - 点击算法大赛中------------->
2020-12-18 11:28:32,770 - root - INFO - 点击第一个赛题中------------->
2020-12-18 11:28:33,654 - root - INFO - ###############################  End  ###############################
2020-12-18 11:28:33,697 - root - INFO - ############################### Login ###############################
2020-12-18 11:28:44,614 - root - INFO - 点击算法大赛中------------->
2020-12-18 11:28:47,864 - root - INFO - 点击报名中------------->
2020-12-18 11:28:48,391 - root - ERROR - 报名截止
2020-12-18 11:28:48,391 - root - INFO - 无法报名--，报名已截至，请切换项目
2020-12-18 11:28:48,572 - root - INFO - ###############################  End  ###############################
2020-12-18 11:28:48,601 - root - INFO - ############################### Login ###############################
2020-12-18 11:28:56,337 - root - INFO - 点击算法大赛中------------->
2020-12-18 11:28:59,560 - root - INFO - 点击第一个赛题中------------->
2020-12-18 11:29:00,117 - root - INFO - ###############################  End  ###############################
2020-12-18 11:29:00,145 - root - INFO - ############################### Login ###############################
2020-12-18 11:29:07,872 - root - INFO - 点击算法大赛中------------->
2020-12-18 11:29:11,070 - root - INFO - 点击报名中------------->
2020-12-18 11:29:11,112 - root - ERROR - 报 名
2020-12-18 11:29:21,364 - root - ERROR - xpath->//span[text()="提 交"]
2020-12-18 11:29:22,566 - root - ERROR - Message: element click intercepted: Element <span>...</span> is not clickable at point (1135, 454). Other element would receive the click: <button type="button" class="ant-btn ant-btn-primary">...</button>
  (Session info: chrome=87.0.4280.66)
报错了
2020-12-18 11:29:32,663 - root - INFO - 元素找不到
2020-12-18 11:29:32,805 - root - INFO - ###############################  End  ###############################
2020-12-18 11:29:32,862 - root - INFO - ############################### Login ###############################
2020-12-18 11:29:40,118 - root - INFO - 点击算法大赛中------------->
2020-12-18 11:29:43,307 - root - INFO - 点击第一个赛题中------------->
2020-12-18 11:29:43,973 - root - INFO - ###############################  End  ###############################
2020-12-18 11:29:44,045 - root - INFO - ############################### Login ###############################
2020-12-18 11:29:52,506 - root - INFO - 点击算法大赛中------------->
2020-12-18 11:29:55,748 - root - INFO - 点击报名中------------->
2020-12-18 11:29:55,804 - root - ERROR - 报 名
2020-12-18 11:30:06,195 - root - ERROR - xpath->//span[text()="提 交"]
2020-12-18 11:30:07,432 - root - ERROR - Message: element click intercepted: Element <span>...</span> is not clickable at point (1135, 454). Other element would receive the click: <button type="button" class="ant-btn ant-btn-primary">...</button>
  (Session info: chrome=87.0.4280.66)
报错了
2020-12-18 11:30:17,547 - root - INFO - 元素找不到
2020-12-18 11:30:17,811 - root - INFO - ###############################  End  ###############################
2020-12-18 11:30:17,833 - root - INFO - ############################### Login ###############################
2020-12-18 11:30:25,835 - root - INFO - 点击算法大赛中------------->
2020-12-18 11:30:29,051 - root - INFO - 点击第一个赛题中------------->
2020-12-18 11:30:30,612 - root - INFO - ###############################  End  ###############################
2020-12-18 11:30:30,637 - root - INFO - ############################### Login ###############################
2020-12-18 11:30:42,497 - root - INFO - 点击算法大赛中------------->
2020-12-18 11:30:45,858 - root - INFO - 点击报名中------------->
2020-12-18 11:30:45,994 - root - ERROR - 报 名
2020-12-18 11:30:56,337 - root - ERROR - xpath->//span[text()="提 交"]
2020-12-18 11:30:57,570 - root - ERROR - Message: element click intercepted: Element <span>...</span> is not clickable at point (1135, 454). Other element would receive the click: <button type="button" class="ant-btn ant-btn-primary">...</button>
  (Session info: chrome=87.0.4280.66)
报错了
2020-12-18 11:31:07,664 - root - INFO - 元素找不到
2020-12-18 11:31:07,741 - root - INFO - ###############################  End  ###############################
2020-12-18 11:31:07,781 - root - INFO - ############################### Login ###############################
2020-12-18 11:31:15,398 - root - INFO - 点击算法大赛中------------->
2020-12-18 11:31:18,575 - root - INFO - 点击第一个赛题中------------->
2020-12-18 11:31:19,047 - root - INFO - ###############################  End  ###############################
2020-12-18 11:31:19,084 - root - INFO - ############################### Login ###############################
2020-12-18 11:31:26,593 - root - INFO - 点击算法大赛中------------->
2020-12-18 11:31:29,848 - root - INFO - 点击报名中------------->
2020-12-18 11:31:29,915 - root - ERROR - 报名截止
2020-12-18 11:31:29,916 - root - INFO - 无法报名--，报名已截至，请切换项目
2020-12-18 11:31:31,012 - root - INFO - ###############################  End  ###############################
2020-12-18 11:31:31,012 - root - INFO - ############################### START ###############################
2020-12-18 11:31:33,982 - root - INFO - ###############################  End  ###############################
2020-12-18 11:35:03,733 - root - INFO - ############################### START ###############################
2020-12-18 11:35:06,560 - root - INFO - ###############################  End  ###############################
2020-12-18 11:35:06,614 - root - INFO - ############################### Login ###############################
2020-12-18 11:35:15,533 - root - INFO - 点击算法大赛中------------->
2020-12-18 11:35:18,680 - root - INFO - 点击第一个赛题中------------->
2020-12-18 11:35:20,988 - root - INFO - ###############################  End  ###############################
2020-12-18 11:35:21,007 - root - INFO - ############################### Login ###############################
2020-12-18 11:35:29,759 - root - INFO - 点击算法大赛中------------->
2020-12-18 11:35:33,551 - root - INFO - 点击报名中------------->
2020-12-18 11:35:33,617 - root - ERROR - 报名截止
2020-12-18 11:35:33,618 - root - INFO - 无法报名--，报名已截至，请切换项目
2020-12-18 11:35:33,691 - root - INFO - ###############################  End  ###############################
2020-12-18 11:35:33,754 - root - INFO - ############################### Login ###############################
2020-12-18 11:35:42,023 - root - INFO - 点击算法大赛中------------->
2020-12-18 11:35:45,192 - root - INFO - 点击第一个赛题中------------->
2020-12-18 11:35:45,592 - root - INFO - ###############################  End  ###############################
2020-12-18 11:35:45,647 - root - INFO - ############################### Login ###############################
2020-12-18 11:35:53,833 - root - INFO - 点击算法大赛中------------->
2020-12-18 11:35:57,010 - root - INFO - 点击报名中------------->
2020-12-18 11:35:57,156 - root - ERROR - 创建实例
2020-12-18 11:36:08,153 - root - INFO - ###############################  End  ###############################
2020-12-18 11:36:08,185 - root - INFO - ############################### Login ###############################
2020-12-18 11:36:16,585 - root - INFO - 点击算法大赛中------------->
2020-12-18 11:36:19,801 - root - INFO - 点击第一个赛题中------------->
2020-12-18 11:36:22,388 - root - INFO - ###############################  End  ###############################
2020-12-18 11:36:22,414 - root - INFO - ############################### Login ###############################
2020-12-18 11:36:27,886 - root - INFO - 点击算法大赛中------------->
2020-12-18 11:36:31,251 - root - INFO - 点击报名中------------->
2020-12-18 11:36:31,419 - root - ERROR - 报 名
2020-12-18 11:36:41,899 - root - ERROR - xpath->//*[@id="root"]/section/main/div[2]/div[2]/div/div[2]/div[3]/div/button[2]
2020-12-18 11:36:52,283 - root - INFO - 元素找不到
2020-12-18 11:36:52,367 - root - INFO - ###############################  End  ###############################
2020-12-18 11:36:52,401 - root - INFO - ############################### Login ###############################
2020-12-18 11:37:01,129 - root - INFO - 点击算法大赛中------------->
2020-12-18 11:37:04,661 - root - INFO - 点击第一个赛题中------------->
2020-12-18 11:37:05,396 - root - INFO - ###############################  End  ###############################
2020-12-18 11:37:05,443 - root - INFO - ############################### Login ###############################
2020-12-18 11:37:13,775 - root - INFO - 点击算法大赛中------------->
2020-12-18 11:37:17,048 - root - INFO - 点击报名中------------->
2020-12-18 11:37:17,208 - root - ERROR - 报 名
2020-12-18 11:37:27,706 - root - ERROR - xpath->//*[@id="root"]/section/main/div[2]/div[2]/div/div[2]/div[3]/div/button[2]
2020-12-18 11:37:38,227 - root - INFO - 元素找不到
2020-12-18 11:37:38,346 - root - INFO - ###############################  End  ###############################
2020-12-18 11:37:38,395 - root - INFO - ############################### Login ###############################
2020-12-18 11:37:46,962 - root - INFO - 点击算法大赛中------------->
2020-12-18 11:37:50,245 - root - INFO - 点击第一个赛题中------------->
2020-12-18 11:37:51,156 - root - INFO - ###############################  End  ###############################
2020-12-18 11:37:51,213 - root - INFO - ############################### Login ###############################
2020-12-18 11:38:04,405 - root - INFO - 点击算法大赛中------------->
2020-12-18 11:38:08,302 - root - INFO - 点击报名中------------->
2020-12-18 11:38:09,660 - root - INFO - ###############################  End  ###############################
2020-12-18 11:38:09,661 - root - INFO - ############################### START ###############################
2020-12-18 11:38:12,925 - root - INFO - ###############################  End  ###############################
2020-12-18 11:42:08,318 - root - INFO - ############################### START ###############################
2020-12-18 11:42:11,249 - root - INFO - ###############################  End  ###############################
2020-12-18 11:42:11,344 - root - INFO - ############################### Login ###############################
2020-12-18 11:42:22,993 - root - INFO - 点击算法大赛中------------->
2020-12-18 11:42:26,259 - root - INFO - 点击第一个赛题中------------->
2020-12-18 11:42:28,852 - root - INFO - ###############################  End  ###############################
2020-12-18 11:42:28,924 - root - INFO - ############################### Login ###############################
2020-12-18 11:42:36,753 - root - INFO - 点击算法大赛中------------->
2020-12-18 11:42:40,023 - root - INFO - 点击报名中------------->
2020-12-18 11:42:40,100 - root - ERROR - 报名截止
2020-12-18 11:42:40,101 - root - INFO - 无法报名--，报名已截至，请切换项目
2020-12-18 11:42:40,205 - root - INFO - ###############################  End  ###############################
2020-12-18 11:42:40,314 - root - INFO - ############################### Login ###############################
2020-12-18 11:42:48,610 - root - INFO - 点击算法大赛中------------->
2020-12-18 11:42:51,913 - root - INFO - 点击第一个赛题中------------->
2020-12-18 11:42:54,334 - root - INFO - ###############################  End  ###############################
2020-12-18 11:42:54,393 - root - INFO - ############################### Login ###############################
2020-12-18 11:43:02,487 - root - INFO - 点击算法大赛中------------->
2020-12-18 11:43:05,713 - root - INFO - 点击报名中------------->
2020-12-18 11:43:05,816 - root - ERROR - 创建实例
2020-12-18 11:43:16,704 - root - INFO - ###############################  End  ###############################
2020-12-18 11:43:16,799 - root - INFO - ############################### Login ###############################
2020-12-18 11:43:26,892 - root - INFO - 点击算法大赛中------------->
2020-12-18 11:43:30,037 - root - INFO - 点击第一个赛题中------------->
2020-12-18 11:43:32,476 - root - INFO - ###############################  End  ###############################
2020-12-18 11:43:32,536 - root - INFO - ############################### Login ###############################
2020-12-18 11:43:39,894 - root - INFO - 点击算法大赛中------------->
2020-12-18 11:43:43,065 - root - INFO - 点击报名中------------->
2020-12-18 11:43:43,097 - root - ERROR - 创建实例
2020-12-18 11:43:53,743 - root - INFO - ###############################  End  ###############################
2020-12-18 11:43:53,764 - root - INFO - ############################### Login ###############################
2020-12-18 11:44:01,431 - root - INFO - 点击算法大赛中------------->
2020-12-18 11:44:04,704 - root - INFO - 点击第一个赛题中------------->
2020-12-18 11:44:07,061 - root - INFO - ###############################  End  ###############################
2020-12-18 11:44:07,081 - root - INFO - ############################### Login ###############################
2020-12-18 11:44:14,601 - root - INFO - 点击算法大赛中------------->
2020-12-18 11:44:17,791 - root - INFO - 点击报名中------------->
2020-12-18 11:44:17,835 - root - ERROR - 创建实例
2020-12-18 11:44:28,540 - root - INFO - ###############################  End  ###############################
2020-12-18 11:44:28,580 - root - INFO - ############################### Login ###############################
2020-12-18 11:44:35,954 - root - INFO - 点击算法大赛中------------->
2020-12-18 11:44:39,118 - root - INFO - 点击第一个赛题中------------->
2020-12-18 11:44:39,563 - root - INFO - ###############################  End  ###############################
2020-12-18 11:44:39,589 - root - INFO - ############################### Login ###############################
2020-12-18 11:44:46,153 - root - INFO - 点击算法大赛中------------->
2020-12-18 11:44:49,336 - root - INFO - 点击报名中------------->
2020-12-18 11:44:49,403 - root - ERROR - 报名截止
2020-12-18 11:44:49,404 - root - INFO - 无法报名--，报名已截至，请切换项目
2020-12-18 11:44:50,545 - root - INFO - ###############################  End  ###############################
2020-12-18 11:44:50,545 - root - INFO - ############################### START ###############################
2020-12-18 11:44:53,208 - root - INFO - ###############################  End  ###############################
2020-12-18 12:26:05,281 - root - INFO - ############################### START ###############################
2020-12-18 12:26:08,429 - root - INFO - ###############################  End  ###############################
2020-12-18 12:26:08,459 - root - INFO - ############################### Login ###############################
2020-12-18 12:26:17,086 - root - INFO - 点击算法大赛中------------->
2020-12-18 12:26:20,278 - root - INFO - 点击第一个赛题中------------->
2020-12-18 12:26:21,691 - root - INFO - ###############################  End  ###############################
2020-12-18 12:26:21,713 - root - INFO - ############################### Login ###############################
2020-12-18 12:26:29,304 - root - INFO - 点击算法大赛中------------->
2020-12-18 12:26:32,514 - root - INFO - 点击报名中------------->
2020-12-18 12:26:32,574 - root - ERROR - 报名截止
2020-12-18 12:26:32,574 - root - INFO - 无法报名--，报名已截至，请切换项目
2020-12-18 12:26:32,669 - root - INFO - ###############################  End  ###############################
2020-12-18 12:26:32,708 - root - INFO - ############################### Login ###############################
2020-12-18 12:26:41,373 - root - INFO - 点击算法大赛中------------->
2020-12-18 12:26:44,616 - root - INFO - 点击第一个赛题中------------->
2020-12-18 12:26:45,188 - root - INFO - ###############################  End  ###############################
2020-12-18 12:26:45,248 - root - INFO - ############################### Login ###############################
2020-12-18 12:26:53,081 - root - INFO - 点击算法大赛中------------->
2020-12-18 12:26:56,276 - root - INFO - 点击报名中------------->
2020-12-18 12:26:56,364 - root - ERROR - 创建实例
2020-12-18 12:26:57,466 - root - INFO - ###############################  End  ###############################
2020-12-18 12:26:57,497 - root - INFO - ############################### Login ###############################
2020-12-18 12:27:05,637 - root - INFO - 点击算法大赛中------------->
2020-12-18 12:27:08,898 - root - INFO - 点击第一个赛题中------------->
2020-12-18 12:27:11,380 - root - INFO - ###############################  End  ###############################
2020-12-18 12:27:11,444 - root - INFO - ############################### Login ###############################
2020-12-18 12:27:19,659 - root - INFO - 点击算法大赛中------------->
2020-12-18 12:27:22,880 - root - INFO - 点击报名中------------->
2020-12-18 12:27:22,970 - root - ERROR - 创建实例
2020-12-18 12:27:25,179 - root - INFO - ###############################  End  ###############################
2020-12-18 12:27:25,201 - root - INFO - ############################### Login ###############################
2020-12-18 12:27:33,350 - root - INFO - 点击算法大赛中------------->
2020-12-18 12:27:36,573 - root - INFO - 点击第一个赛题中------------->
2020-12-18 12:27:37,161 - root - INFO - ###############################  End  ###############################
2020-12-18 12:27:37,208 - root - INFO - ############################### Login ###############################
2020-12-18 12:27:48,127 - root - INFO - 点击算法大赛中------------->
2020-12-18 12:27:51,422 - root - INFO - 点击报名中------------->
2020-12-18 12:27:51,487 - root - ERROR - 创建实例
2020-12-18 12:27:53,672 - root - INFO - ###############################  End  ###############################
2020-12-18 12:27:53,694 - root - INFO - ############################### Login ###############################
2020-12-18 12:28:02,135 - root - INFO - 点击算法大赛中------------->
2020-12-18 12:28:05,397 - root - INFO - 点击第一个赛题中------------->
2020-12-18 12:28:06,245 - root - INFO - ###############################  End  ###############################
2020-12-18 12:28:06,287 - root - INFO - ############################### Login ###############################
2020-12-18 12:28:12,501 - root - INFO - 点击算法大赛中------------->
2020-12-18 12:28:15,812 - root - INFO - 点击报名中------------->
2020-12-18 12:28:15,901 - root - ERROR - 报名截止
2020-12-18 12:28:15,901 - root - INFO - 无法报名--，报名已截至，请切换项目
2020-12-18 12:28:16,011 - root - INFO - ###############################  End  ###############################
2020-12-18 12:28:16,012 - root - INFO - ############################### START ###############################
2020-12-18 12:28:18,851 - root - INFO - ###############################  End  ###############################
2020-12-18 16:55:46,874 - root - INFO - ############################### START ###############################
2020-12-18 16:55:49,749 - root - INFO - ###############################  End  ###############################
2020-12-18 16:55:49,786 - root - INFO - ############################### Login ###############################
2020-12-18 16:55:57,917 - root - INFO - 点击算法大赛中------------->
2020-12-18 16:56:01,053 - root - INFO - 点击第一个赛题中------------->
2020-12-18 16:56:03,411 - root - INFO - ###############################  End  ###############################
2020-12-18 16:56:03,440 - root - INFO - ############################### Login ###############################
2020-12-18 16:56:11,083 - root - INFO - 点击算法大赛中------------->
2020-12-18 16:56:14,246 - root - INFO - 点击报名中------------->
2020-12-18 16:56:14,295 - root - ERROR - 报名截止
2020-12-18 16:56:14,295 - root - INFO - 无法报名--，报名已截至，请切换项目
2020-12-18 16:56:14,381 - root - INFO - ###############################  End  ###############################
2020-12-18 16:56:14,405 - root - INFO - ############################### Login ###############################
2020-12-18 16:56:22,996 - root - INFO - 点击算法大赛中------------->
2020-12-18 16:56:26,170 - root - INFO - 点击第一个赛题中------------->
2020-12-18 16:56:28,625 - root - INFO - ###############################  End  ###############################
2020-12-18 16:56:28,674 - root - INFO - ############################### Login ###############################
2020-12-18 16:56:36,714 - root - INFO - 点击算法大赛中------------->
2020-12-18 16:56:39,876 - root - INFO - 点击报名中------------->
2020-12-18 16:56:39,978 - root - ERROR - 创建实例
2020-12-18 16:56:41,305 - root - INFO - ###############################  End  ###############################
2020-12-18 16:56:41,324 - root - INFO - ############################### Login ###############################
2020-12-18 16:56:48,902 - root - INFO - 点击算法大赛中------------->
2020-12-18 16:56:52,033 - root - INFO - 点击第一个赛题中------------->
2020-12-18 16:56:54,340 - root - INFO - ###############################  End  ###############################
2020-12-18 16:56:54,374 - root - INFO - ############################### Login ###############################
2020-12-18 16:57:01,870 - root - INFO - 点击算法大赛中------------->
2020-12-18 16:57:05,061 - root - INFO - 点击报名中------------->
2020-12-18 16:57:05,088 - root - ERROR - 创建实例
2020-12-18 16:57:05,937 - root - INFO - ###############################  End  ###############################
2020-12-18 16:57:06,007 - root - INFO - ############################### Login ###############################
2020-12-18 16:57:13,188 - root - INFO - 点击算法大赛中------------->
2020-12-18 16:57:16,355 - root - INFO - 点击第一个赛题中------------->
2020-12-18 16:57:18,719 - root - INFO - ###############################  End  ###############################
2020-12-18 16:57:18,747 - root - INFO - ############################### Login ###############################
2020-12-18 16:57:25,406 - root - INFO - 点击算法大赛中------------->
2020-12-18 16:57:28,604 - root - INFO - 点击报名中------------->
2020-12-18 16:57:28,662 - root - ERROR - 创建实例
2020-12-18 16:57:30,779 - root - INFO - ###############################  End  ###############################
2020-12-18 16:57:30,801 - root - INFO - ############################### Login ###############################
2020-12-18 16:57:38,175 - root - INFO - 点击算法大赛中------------->
2020-12-18 16:57:41,324 - root - INFO - 点击第一个赛题中------------->
2020-12-18 16:57:43,704 - root - INFO - ###############################  End  ###############################
2020-12-18 16:57:43,742 - root - INFO - ############################### Login ###############################
2020-12-18 16:57:51,145 - root - INFO - 点击算法大赛中------------->
2020-12-18 16:57:54,305 - root - INFO - 点击报名中------------->
2020-12-18 16:57:54,339 - root - ERROR - 报名截止
2020-12-18 16:57:54,339 - root - INFO - 无法报名--，报名已截至，请切换项目
2020-12-18 16:57:54,415 - root - INFO - ###############################  End  ###############################
2020-12-18 16:57:54,416 - root - INFO - ############################### START ###############################
2020-12-18 16:57:57,075 - root - INFO - ###############################  End  ###############################
2020-12-18 16:59:46,651 - root - INFO - ############################### START ###############################
2020-12-18 16:59:50,375 - root - INFO - ###############################  End  ###############################
2020-12-18 16:59:50,397 - root - INFO - ############################### Login ###############################
2020-12-18 17:00:03,644 - root - INFO - 点击算法大赛中------------->
2020-12-18 17:00:06,882 - root - INFO - 点击第一个赛题中------------->
2020-12-18 17:00:11,398 - root - INFO - ###############################  End  ###############################
2020-12-18 17:00:11,468 - root - INFO - ############################### Login ###############################
2020-12-18 17:00:19,990 - root - INFO - 点击算法大赛中------------->
2020-12-18 17:00:23,208 - root - INFO - 点击报名中------------->
2020-12-18 17:00:23,264 - root - ERROR - 报名截止
2020-12-18 17:00:23,264 - root - INFO - 无法报名--，报名已截至，请切换项目
2020-12-18 17:00:23,338 - root - INFO - ###############################  End  ###############################
2020-12-18 17:00:23,376 - root - INFO - ############################### Login ###############################
2020-12-18 17:00:30,520 - root - INFO - 点击算法大赛中------------->
2020-12-18 17:00:33,674 - root - INFO - 点击第一个赛题中------------->
2020-12-18 17:00:36,158 - root - INFO - ###############################  End  ###############################
2020-12-18 17:00:36,187 - root - INFO - ############################### Login ###############################
2020-12-18 17:00:42,538 - root - INFO - 点击算法大赛中------------->
2020-12-18 17:00:45,726 - root - INFO - 点击报名中------------->
2020-12-18 17:00:45,782 - root - ERROR - 创建实例
2020-12-18 17:00:46,793 - root - INFO - ###############################  End  ###############################
2020-12-18 17:00:46,837 - root - INFO - ############################### Login ###############################
2020-12-18 17:00:55,222 - root - INFO - 点击算法大赛中------------->
2020-12-18 17:00:58,499 - root - INFO - 点击第一个赛题中------------->
2020-12-18 17:00:58,873 - root - INFO - ###############################  End  ###############################
2020-12-18 17:00:58,903 - root - INFO - ############################### Login ###############################
2020-12-18 17:01:06,674 - root - INFO - 点击算法大赛中------------->
2020-12-18 17:01:09,920 - root - INFO - 点击报名中------------->
2020-12-18 17:01:09,966 - root - ERROR - 创建实例
2020-12-18 17:01:10,847 - root - INFO - ###############################  End  ###############################
2020-12-18 17:01:10,888 - root - INFO - ############################### Login ###############################
2020-12-18 17:01:18,360 - root - INFO - 点击算法大赛中------------->
2020-12-18 17:01:21,590 - root - INFO - 点击第一个赛题中------------->
2020-12-18 17:01:23,942 - root - INFO - ###############################  End  ###############################
2020-12-18 17:01:23,997 - root - INFO - ############################### Login ###############################
2020-12-18 17:01:32,287 - root - INFO - 点击算法大赛中------------->
2020-12-18 17:01:35,456 - root - INFO - 点击报名中------------->
2020-12-18 17:01:35,572 - root - ERROR - 创建实例
2020-12-18 17:01:37,574 - root - INFO - ###############################  End  ###############################
2020-12-18 17:01:37,591 - root - INFO - ############################### Login ###############################
2020-12-18 17:01:45,458 - root - INFO - 点击算法大赛中------------->
2020-12-18 17:01:48,644 - root - INFO - 点击第一个赛题中------------->
2020-12-18 17:01:51,056 - root - INFO - ###############################  End  ###############################
2020-12-18 17:01:51,118 - root - INFO - ############################### Login ###############################
2020-12-18 17:01:58,575 - root - INFO - 点击算法大赛中------------->
2020-12-18 17:02:01,746 - root - INFO - 点击报名中------------->
2020-12-18 17:02:01,802 - root - ERROR - 报名截止
2020-12-18 17:02:01,803 - root - INFO - 无法报名--，报名已截至，请切换项目
2020-12-18 17:02:01,915 - root - INFO - ###############################  End  ###############################
2020-12-18 17:02:01,915 - root - INFO - ############################### START ###############################
2020-12-18 17:02:05,571 - root - INFO - ###############################  End  ###############################
2020-12-18 17:25:56,122 - root - INFO - ############################### START ###############################
2020-12-18 17:25:58,796 - root - INFO - ###############################  End  ###############################
2020-12-18 17:25:58,828 - root - INFO - ############################### Login ###############################
2020-12-18 17:26:07,892 - root - INFO - 点击算法大赛中------------->
2020-12-18 17:26:11,086 - root - INFO - 点击第一个赛题中------------->
2020-12-18 17:26:13,526 - root - INFO - ###############################  End  ###############################
2020-12-18 17:26:13,592 - root - INFO - ############################### Login ###############################
2020-12-18 17:26:22,092 - root - INFO - 点击算法大赛中------------->
2020-12-18 17:26:25,267 - root - INFO - 点击报名中------------->
2020-12-18 17:26:25,317 - root - ERROR - 报名截止
2020-12-18 17:26:25,317 - root - INFO - 无法报名--，报名已截至，请切换项目
2020-12-18 17:26:25,397 - root - INFO - ###############################  End  ###############################
2020-12-18 17:26:25,428 - root - INFO - ############################### Login ###############################
2020-12-18 17:26:33,603 - root - INFO - 点击算法大赛中------------->
2020-12-18 17:26:36,841 - root - INFO - 点击第一个赛题中------------->
2020-12-18 17:26:37,265 - root - INFO - ###############################  End  ###############################
2020-12-18 17:26:37,290 - root - INFO - ############################### Login ###############################
2020-12-18 17:26:47,835 - root - INFO - 点击算法大赛中------------->
2020-12-18 17:26:51,021 - root - INFO - 点击报名中------------->
2020-12-18 17:26:51,329 - root - ERROR - 创建实例
2020-12-18 17:26:53,049 - root - INFO - ###############################  End  ###############################
2020-12-18 17:26:53,088 - root - INFO - ############################### Login ###############################
2020-12-18 17:27:02,524 - root - INFO - 点击算法大赛中------------->
2020-12-18 17:27:05,726 - root - INFO - 点击第一个赛题中------------->
2020-12-18 17:27:08,585 - root - INFO - ###############################  End  ###############################
2020-12-18 17:27:08,624 - root - INFO - ############################### Login ###############################
2020-12-18 17:27:18,915 - root - INFO - 点击算法大赛中------------->
2020-12-18 17:27:22,182 - root - INFO - 点击报名中------------->
2020-12-18 17:27:22,263 - root - ERROR - 创建实例
2020-12-18 17:27:23,556 - root - INFO - ###############################  End  ###############################
2020-12-18 17:27:23,637 - root - INFO - ############################### Login ###############################
2020-12-18 17:27:32,429 - root - INFO - 点击算法大赛中------------->
2020-12-18 17:27:35,688 - root - INFO - 点击第一个赛题中------------->
2020-12-18 17:27:36,512 - root - INFO - ###############################  End  ###############################
2020-12-18 17:27:36,538 - root - INFO - ############################### Login ###############################
2020-12-18 17:27:44,998 - root - INFO - 点击算法大赛中------------->
2020-12-18 17:27:48,302 - root - INFO - 点击报名中------------->
2020-12-18 17:27:48,400 - root - ERROR - 创建实例
2020-12-18 17:27:49,875 - root - INFO - ###############################  End  ###############################
2020-12-18 17:27:49,918 - root - INFO - ############################### Login ###############################
2020-12-18 17:27:59,344 - root - INFO - 点击算法大赛中------------->
2020-12-18 17:28:02,508 - root - INFO - 点击第一个赛题中------------->
2020-12-18 17:28:03,062 - root - INFO - ###############################  End  ###############################
2020-12-18 17:28:03,094 - root - INFO - ############################### Login ###############################
2020-12-18 17:28:13,536 - root - INFO - 点击算法大赛中------------->
2020-12-18 17:28:17,000 - root - INFO - 点击报名中------------->
2020-12-18 17:28:17,164 - root - ERROR - 报名截止
2020-12-18 17:28:17,164 - root - INFO - 无法报名--，报名已截至，请切换项目
2020-12-18 17:28:17,317 - root - INFO - ###############################  End  ###############################
2020-12-18 17:28:17,320 - root - INFO - ############################### START ###############################
2020-12-18 17:28:20,463 - root - INFO - ###############################  End  ###############################
2020-12-18 18:04:23,900 - root - INFO - ############################### START ###############################
2020-12-18 18:04:26,767 - root - INFO - ###############################  End  ###############################
2020-12-18 18:04:26,794 - root - INFO - ############################### Login ###############################
2020-12-18 18:04:36,914 - root - INFO - 点击算法大赛中------------->
2020-12-18 18:04:40,136 - root - INFO - 点击第一个赛题中------------->
2020-12-18 18:04:40,556 - root - INFO - ###############################  End  ###############################
2020-12-18 18:04:40,589 - root - INFO - ############################### Login ###############################
2020-12-18 18:04:48,179 - root - INFO - 点击算法大赛中------------->
2020-12-18 18:04:51,306 - root - INFO - 点击报名中------------->
2020-12-18 18:04:51,385 - root - ERROR - 报名截止
2020-12-18 18:04:51,385 - root - INFO - 无法报名--，报名已截至，请切换项目
2020-12-18 18:04:51,500 - root - INFO - ###############################  End  ###############################
2020-12-18 18:04:51,520 - root - INFO - ############################### Login ###############################
2020-12-18 18:04:59,320 - root - INFO - 点击算法大赛中------------->
2020-12-18 18:05:02,506 - root - INFO - 点击第一个赛题中------------->
2020-12-18 18:05:05,070 - root - INFO - ###############################  End  ###############################
2020-12-18 18:05:05,090 - root - INFO - ############################### Login ###############################
2020-12-18 18:05:14,386 - root - INFO - 点击算法大赛中------------->
2020-12-18 18:05:17,569 - root - INFO - 点击报名中------------->
2020-12-18 18:05:17,724 - root - ERROR - 创建实例
2020-12-18 18:05:19,185 - root - INFO - ###############################  End  ###############################
2020-12-18 18:05:19,207 - root - INFO - ############################### Login ###############################
2020-12-18 18:05:28,062 - root - INFO - 点击算法大赛中------------->
2020-12-18 18:05:31,219 - root - INFO - 点击第一个赛题中------------->
2020-12-18 18:05:31,759 - root - INFO - ###############################  End  ###############################
2020-12-18 18:05:31,801 - root - INFO - ############################### Login ###############################
2020-12-18 18:05:40,114 - root - INFO - 点击算法大赛中------------->
2020-12-18 18:05:43,323 - root - INFO - 点击报名中------------->
2020-12-18 18:05:43,380 - root - ERROR - 创建实例
2020-12-18 18:05:44,655 - root - INFO - ###############################  End  ###############################
2020-12-18 18:05:44,692 - root - INFO - ############################### Login ###############################
2020-12-18 18:05:53,611 - root - INFO - 点击算法大赛中------------->
2020-12-18 18:05:56,849 - root - INFO - 点击第一个赛题中------------->
2020-12-18 18:05:59,279 - root - INFO - ###############################  End  ###############################
2020-12-18 18:05:59,345 - root - INFO - ############################### Login ###############################
2020-12-18 18:06:08,131 - root - INFO - 点击算法大赛中------------->
2020-12-18 18:06:11,242 - root - INFO - 点击报名中------------->
2020-12-18 18:06:11,378 - root - ERROR - 创建实例
2020-12-18 18:06:12,026 - root - INFO - ###############################  End  ###############################
2020-12-18 18:06:12,075 - root - INFO - ############################### Login ###############################
2020-12-18 18:06:20,616 - root - INFO - 点击算法大赛中------------->
2020-12-18 18:06:23,786 - root - INFO - 点击第一个赛题中------------->
2020-12-18 18:06:26,306 - root - INFO - ###############################  End  ###############################
2020-12-18 18:06:26,333 - root - INFO - ############################### Login ###############################
2020-12-18 18:06:37,886 - root - INFO - 点击算法大赛中------------->
2020-12-18 18:06:41,230 - root - INFO - 点击报名中------------->
2020-12-18 18:06:41,356 - root - INFO - ###############################  End  ###############################
2020-12-18 18:06:41,357 - root - INFO - ############################### START ###############################
2020-12-18 18:06:44,407 - root - INFO - ###############################  End  ###############################
2020-12-18 18:08:40,430 - root - INFO - ############################### START ###############################
2020-12-18 18:08:43,524 - root - INFO - ###############################  End  ###############################
2020-12-18 18:08:43,565 - root - INFO - ############################### Login ###############################
2020-12-18 18:08:54,224 - root - INFO - 点击算法大赛中------------->
2020-12-18 18:08:58,038 - root - INFO - 点击第一个赛题中------------->
2020-12-18 18:09:00,373 - root - INFO - ###############################  End  ###############################
2020-12-18 18:09:00,398 - root - INFO - ############################### Login ###############################
2020-12-18 18:09:08,580 - root - INFO - 点击算法大赛中------------->
2020-12-18 18:09:11,737 - root - INFO - 点击报名中------------->
2020-12-18 18:09:11,813 - root - ERROR - 报名截止
2020-12-18 18:09:11,813 - root - INFO - 无法报名--，报名已截至，请切换项目
2020-12-18 18:09:11,974 - root - INFO - ###############################  End  ###############################
2020-12-18 18:09:11,997 - root - INFO - ############################### Login ###############################
2020-12-18 18:09:20,111 - root - INFO - 点击算法大赛中------------->
2020-12-18 18:09:23,298 - root - INFO - 点击第一个赛题中------------->
2020-12-18 18:09:25,578 - root - INFO - ###############################  End  ###############################
2020-12-18 18:09:25,699 - root - INFO - ############################### Login ###############################
2020-12-18 18:09:33,635 - root - INFO - 点击算法大赛中------------->
2020-12-18 18:09:36,824 - root - INFO - 点击报名中------------->
2020-12-18 18:09:36,885 - root - ERROR - 创建实例
2020-12-18 18:09:43,080 - root - INFO - ###############################  End  ###############################
2020-12-18 18:09:43,100 - root - INFO - ############################### Login ###############################
2020-12-18 18:09:51,687 - root - INFO - 点击算法大赛中------------->
2020-12-18 18:09:55,056 - root - INFO - 点击第一个赛题中------------->
2020-12-18 18:09:56,366 - root - INFO - ###############################  End  ###############################
2020-12-18 18:09:56,409 - root - INFO - ############################### Login ###############################
2020-12-18 18:10:05,145 - root - INFO - 点击算法大赛中------------->
2020-12-18 18:10:08,328 - root - INFO - 点击报名中------------->
2020-12-18 18:10:08,358 - root - ERROR - 创建实例
2020-12-18 18:10:14,425 - root - INFO - ###############################  End  ###############################
2020-12-18 18:10:14,486 - root - INFO - ############################### Login ###############################
2020-12-18 18:10:24,102 - root - INFO - 点击算法大赛中------------->
2020-12-18 18:10:27,371 - root - INFO - 点击第一个赛题中------------->
2020-12-18 18:10:32,150 - root - INFO - ###############################  End  ###############################
2020-12-18 18:10:32,171 - root - INFO - ############################### Login ###############################
2020-12-18 18:10:40,413 - root - INFO - 点击算法大赛中------------->
2020-12-18 18:10:43,571 - root - INFO - 点击报名中------------->
2020-12-18 18:10:43,626 - root - ERROR - 创建实例
2020-12-18 18:10:50,928 - root - INFO - ###############################  End  ###############################
2020-12-18 18:10:50,963 - root - INFO - ############################### Login ###############################
2020-12-18 18:11:00,636 - root - INFO - 点击算法大赛中------------->
2020-12-18 18:11:03,943 - root - INFO - 点击第一个赛题中------------->
2020-12-18 18:11:04,725 - root - INFO - ###############################  End  ###############################
2020-12-18 18:11:04,784 - root - INFO - ############################### Login ###############################
2020-12-18 18:11:12,932 - root - INFO - 点击算法大赛中------------->
2020-12-18 18:11:16,969 - root - INFO - 点击报名中------------->
2020-12-18 18:11:16,999 - root - ERROR - 报名截止
2020-12-18 18:11:17,000 - root - INFO - 无法报名--，报名已截至，请切换项目
2020-12-18 18:11:17,093 - root - INFO - ###############################  End  ###############################
2020-12-18 18:11:17,093 - root - INFO - ############################### START ###############################
2020-12-18 18:11:20,180 - root - INFO - ###############################  End  ###############################
