2020-12-15 19:55:00,653 - root - INFO - ############################### START ###############################
2020-12-15 19:55:03,351 - root - INFO - ###############################  End  ###############################
2020-12-15 19:55:03,353 - root - INFO - ############################### START ###############################
2020-12-15 19:55:05,837 - root - INFO - ###############################  End  ###############################
2020-12-15 19:55:05,838 - root - INFO - ############################### START ###############################
2020-12-15 19:55:08,043 - root - INFO - ###############################  End  ###############################
2020-12-15 19:55:08,044 - root - INFO - ############################### START ###############################
2020-12-15 19:55:10,140 - root - INFO - ###############################  End  ###############################
2020-12-15 19:55:10,147 - root - INFO - ############################### START ###############################
2020-12-15 19:55:12,235 - root - INFO - ###############################  End  ###############################
2020-12-15 19:55:12,237 - root - INFO - ############################### START ###############################
2020-12-15 19:55:14,376 - root - INFO - ###############################  End  ###############################
2020-12-15 19:59:23,288 - root - INFO - ############################### START ###############################
2020-12-15 19:59:25,715 - root - INFO - 打开首页中------------->
2020-12-15 19:59:28,232 - root - INFO - ###############################  End  ###############################
2020-12-15 19:59:28,232 - root - INFO - ############################### START ###############################
2020-12-15 19:59:30,665 - root - INFO - 打开首页中------------->
2020-12-15 19:59:33,080 - root - INFO - 点击登陆中------------->
2020-12-15 19:59:33,289 - root - INFO - ###############################  End  ###############################
2020-12-15 19:59:33,289 - root - INFO - ############################### START ###############################
2020-12-15 19:59:35,679 - root - INFO - 打开首页中------------->
2020-12-15 19:59:37,170 - root - INFO - 点击注册中------------->
2020-12-15 19:59:37,549 - root - INFO - ###############################  End  ###############################
2020-12-15 19:59:37,549 - root - INFO - ############################### START ###############################
2020-12-15 19:59:39,786 - root - INFO - 打开首页中------------->
2020-12-15 19:59:41,532 - root - INFO - 点击图片1中------------->
2020-12-15 19:59:41,740 - root - INFO - ###############################  End  ###############################
2020-12-15 19:59:41,772 - root - INFO - ############################### Login ###############################
2020-12-15 20:00:05,054 - root - INFO - 点击算法大赛中------------->
2020-12-15 20:00:08,257 - root - INFO - ###############################  End  ###############################
2020-12-15 20:00:08,263 - root - INFO - ############################### START ###############################
2020-12-15 20:00:10,584 - root - INFO - 打开南邮登录页中------------->
2020-12-15 20:00:11,798 - root - INFO - 输入账号密码中------------->
2020-12-15 20:00:13,352 - root - INFO - ###############################  End  ###############################
2020-12-15 20:00:13,355 - root - INFO - ############################### START ###############################
2020-12-15 20:00:16,832 - root - INFO - ###############################  End  ###############################
2020-12-15 20:00:16,866 - root - INFO - ############################### Login ###############################
2020-12-15 20:00:24,225 - root - INFO - 点击算法大赛中------------->
2020-12-15 20:00:27,511 - root - INFO - ###############################  End  ###############################
2020-12-15 20:00:27,530 - root - INFO - ############################### Login ###############################
2020-12-15 20:00:34,768 - root - INFO - 点击算法大赛中------------->
2020-12-15 20:00:37,915 - root - INFO - 点击行人重识别中------------->
2020-12-15 20:00:37,977 - root - INFO - ###############################  End  ###############################
2020-12-15 20:00:38,009 - root - INFO - ############################### Login ###############################
2020-12-15 20:00:44,561 - root - INFO - 点击算法大赛中------------->
2020-12-15 20:00:47,727 - root - INFO - 点击第一个赛题中------------->
2020-12-15 20:00:47,795 - root - INFO - ###############################  End  ###############################
2020-12-15 20:00:47,836 - root - INFO - ############################### Login ###############################
2020-12-15 20:01:03,554 - root - INFO - 点击算法大赛中------------->
2020-12-15 20:01:06,712 - root - INFO - 点击报名中------------->
2020-12-15 20:01:06,815 - root - INFO - ###############################  End  ###############################
2020-12-15 20:01:06,837 - root - INFO - ############################### Login ###############################
2020-12-15 20:01:14,388 - root - INFO - 点击算法大赛中------------->
2020-12-15 20:01:17,529 - root - INFO - 点击下一页中------------->
2020-12-15 20:01:17,593 - root - INFO - ###############################  End  ###############################
